2023-10-30 19:10:05,587 [INFO] Activator:176 - 


2023-10-30 19:10:05,587 [INFO] Activator:177 - !SESSION log4j initialized
2023-10-30 19:10:08,891 [INFO] LogOutputStream:77 - [STDOUT_REDIRECT] 
2023-10-30 19:10:10,500 [INFO] ApplicationProperties:184 - Using Application install path: C:\ST\STM32CubeIDE_1.13.1\STM32CubeIDE\plugins\com.st.stm32cube.common.mx_6.9.1.202307191849
2023-10-30 19:10:10,517 [INFO] DbMcusXml:78 - Set database path to: C:\ST\STM32CubeIDE_1.13.1\STM32CubeIDE\plugins\com.st.stm32cube.common.mx_6.9.1.202307191849\\db\/mcu/
2023-10-30 19:10:10,518 [INFO] ApiDb:274 - Set plugin database path to: C:\ST\STM32CubeIDE_1.13.1\STM32CubeIDE\plugins\com.st.stm32cube.common.mx_6.9.1.202307191849\\db\/plugins/boardmanager/
2023-10-30 19:10:10,518 [WARN] ApiDb:259 - Overriding images path with different value:  => C:\ST\STM32CubeIDE_1.13.1\STM32CubeIDE\plugins\com.st.stm32cube.common.mx_6.9.1.202307191849\\db\/plugins/mcufinder/images/
2023-10-30 19:10:10,527 [INFO] ApiDb:250 - Set database path to: C:\Users\roozb\.stmcufinder\plugins\mcufinder//mcu/
2023-10-30 19:10:10,529 [INFO] DbMcusAds:125 - Set database path to: C:\Users\roozb\.stmcufinder\plugins\mcufinder//mcu/
2023-10-30 19:10:10,530 [INFO] CrossReferenceDbSqlite:203 - Set database path to: C:\Users\roozb\.stmcufinder\plugins\mcufinder//mcu/cs/
2023-10-30 19:10:10,629 [INFO] RulesReader:64 - Compatibility file has been processed (293 Rules)
2023-10-30 19:10:10,697 [INFO] DbMcusXml:78 - Set database path to: C:\ST\STM32CubeIDE_1.13.1\STM32CubeIDE\plugins\com.st.stm32cube.common.mx_6.9.1.202307191849\\db\/mcu/
2023-10-30 19:10:10,697 [INFO] ApiDb:274 - Set plugin database path to: C:\ST\STM32CubeIDE_1.13.1\STM32CubeIDE\plugins\com.st.stm32cube.common.mx_6.9.1.202307191849\\db\/plugins/boardmanager/
2023-10-30 19:10:10,697 [INFO] ApiDb:261 - Set plugin images path to: C:\ST\STM32CubeIDE_1.13.1\STM32CubeIDE\plugins\com.st.stm32cube.common.mx_6.9.1.202307191849\\db\/plugins/mcufinder/images/
2023-10-30 19:10:10,698 [WARN] DbFile:41 - Overriding database path with different value: C:\Users\roozb\.stmcufinder\plugins\mcufinder/ => C:\Users\roozb\.stmcufinder\plugins\mcufinder
2023-10-30 19:10:10,698 [INFO] ApiDb:250 - Set database path to: C:\Users\roozb\.stmcufinder\plugins\mcufinder//mcu/
2023-10-30 19:10:10,698 [WARN] DbFile:41 - Overriding database path with different value: C:\Users\roozb\.stmcufinder\plugins\mcufinder/ => C:\Users\roozb\.stmcufinder\plugins\mcufinder
2023-10-30 19:10:10,698 [INFO] DbMcusAds:125 - Set database path to: C:\Users\roozb\.stmcufinder\plugins\mcufinder//mcu/
2023-10-30 19:10:10,698 [WARN] DbFile:41 - Overriding database path with different value: C:\Users\roozb\.stmcufinder\plugins\mcufinder/ => C:\Users\roozb\.stmcufinder\plugins\mcufinder
2023-10-30 19:10:10,698 [WARN] DbFile:41 - Overriding database path with different value: C:\Users\roozb\.stmcufinder\plugins\mcufinder/ => C:\Users\roozb\.stmcufinder\plugins\mcufinder
2023-10-30 19:10:10,698 [INFO] CrossReferenceDbSqlite:203 - Set database path to: C:\Users\roozb\.stmcufinder\plugins\mcufinder//mcu/cs/
2023-10-30 19:10:10,764 [INFO] MainPanel:262 - HeapMemory: 268435456
2023-10-30 19:10:10,844 [INFO] DbMcusXml:78 - Set database path to: C:\ST\STM32CubeIDE_1.13.1\STM32CubeIDE\plugins\com.st.stm32cube.common.mx_6.9.1.202307191849\\db\/mcu/
2023-10-30 19:10:10,844 [INFO] ApiDb:274 - Set plugin database path to: C:\ST\STM32CubeIDE_1.13.1\STM32CubeIDE\plugins\com.st.stm32cube.common.mx_6.9.1.202307191849\\db\/plugins/boardmanager/
2023-10-30 19:10:10,844 [INFO] ApiDb:261 - Set plugin images path to: C:\ST\STM32CubeIDE_1.13.1\STM32CubeIDE\plugins\com.st.stm32cube.common.mx_6.9.1.202307191849\\db\/plugins/mcufinder/images/
2023-10-30 19:10:10,844 [WARN] DbFile:41 - Overriding database path with different value: C:\Users\roozb\.stmcufinder\plugins\mcufinder/ => C:\Users\roozb\.stmcufinder\plugins\mcufinder
2023-10-30 19:10:10,844 [INFO] ApiDb:250 - Set database path to: C:\Users\roozb\.stmcufinder\plugins\mcufinder//mcu/
2023-10-30 19:10:10,845 [WARN] DbFile:41 - Overriding database path with different value: C:\Users\roozb\.stmcufinder\plugins\mcufinder/ => C:\Users\roozb\.stmcufinder\plugins\mcufinder
2023-10-30 19:10:10,845 [INFO] DbMcusAds:125 - Set database path to: C:\Users\roozb\.stmcufinder\plugins\mcufinder//mcu/
2023-10-30 19:10:10,845 [WARN] DbFile:41 - Overriding database path with different value: C:\Users\roozb\.stmcufinder\plugins\mcufinder/ => C:\Users\roozb\.stmcufinder\plugins\mcufinder
2023-10-30 19:10:10,845 [WARN] DbFile:41 - Overriding database path with different value: C:\Users\roozb\.stmcufinder\plugins\mcufinder/ => C:\Users\roozb\.stmcufinder\plugins\mcufinder
2023-10-30 19:10:10,845 [INFO] CrossReferenceDbSqlite:203 - Set database path to: C:\Users\roozb\.stmcufinder\plugins\mcufinder//mcu/cs/
2023-10-30 19:10:10,860 [INFO] ApplicationProperties:184 - Using Application install path: C:\ST\STM32CubeIDE_1.13.1\STM32CubeIDE\plugins\com.st.stm32cube.common.mx_6.9.1.202307191849
2023-10-30 19:10:10,861 [INFO] PluginManage:196 - Search for loadable plugins [exclusion list=, ]
2023-10-30 19:10:10,862 [INFO] PluginManage:310 - Check plugin analytics
2023-10-30 19:10:11,006 [INFO] AnalyticsPlugin:253 - Accepted Software Licenses: 
2023-10-30 19:10:11,006 [INFO] AnalyticsPlugin:255 - Accepted CMSIS Pack Licenses: 
2023-10-30 19:10:11,006 [INFO] AnalyticsPlugin:257 - Accepted Firmware Licenses: 
2023-10-30 19:10:11,009 [INFO] PluginManage:359 - Loaded plugin analytics (category:tool,tabindex:-1)
2023-10-30 19:10:11,009 [INFO] PluginManage:310 - Check plugin cadmodel
2023-10-30 19:10:11,021 [INFO] CADModel:105 - Init CAD model plugin
2023-10-30 19:10:11,021 [INFO] PluginManage:359 - Loaded plugin cadmodel (category:power,tabindex:5)
2023-10-30 19:10:11,021 [INFO] PluginManage:310 - Check plugin clock
2023-10-30 19:10:11,037 [INFO] PluginManage:359 - Loaded plugin clock (category:base,tabindex:2)
2023-10-30 19:10:11,037 [INFO] PluginManage:310 - Check plugin ddr
2023-10-30 19:10:11,040 [INFO] PluginManage:359 - Loaded plugin ddr (category:tool,tabindex:6)
2023-10-30 19:10:11,040 [INFO] PluginManage:310 - Check plugin filemanager
2023-10-30 19:10:11,154 [INFO] PluginManage:359 - Loaded plugin filemanager (category:base,tabindex:10)
2023-10-30 19:10:11,155 [INFO] PluginManage:310 - Check plugin ipmanager
2023-10-30 19:10:11,160 [INFO] PluginManage:359 - Loaded plugin ipmanager (category:base,tabindex:5)
2023-10-30 19:10:11,160 [INFO] PluginManage:310 - Check plugin lpbam
2023-10-30 19:10:11,174 [INFO] PluginManage:359 - Loaded plugin lpbam (category:base,tabindex:0)
2023-10-30 19:10:11,174 [INFO] PluginManage:310 - Check plugin memorymap
2023-10-30 19:10:11,194 [INFO] PluginManage:359 - Loaded plugin memorymap (category:base,tabindex:4)
2023-10-30 19:10:11,194 [INFO] PluginManage:310 - Check plugin pinoutandconfiguration
2023-10-30 19:10:11,207 [INFO] PluginManage:359 - Loaded plugin pinoutandconfiguration (category:base,tabindex:1)
2023-10-30 19:10:11,207 [INFO] PluginManage:310 - Check plugin pinoutconfig
2023-10-30 19:10:11,280 [WARN] SupportedApi:132 - Cannot load RTOS API schema: s4s-elt-must-match.1: The content of 'definitions' must match (annotation?, (simpleType | complexType)?, (unique | key | keyref)*)). A problem was found starting at: attribute.
2023-10-30 19:10:11,417 [INFO] PluginManage:359 - Loaded plugin pinoutconfig (category:base,tabindex:0)
2023-10-30 19:10:11,417 [INFO] PluginManage:310 - Check plugin power
2023-10-30 19:10:11,434 [INFO] PluginManage:359 - Loaded plugin power (category:power,tabindex:4)
2023-10-30 19:10:11,434 [INFO] PluginManage:310 - Check plugin projectmanager
2023-10-30 19:10:11,446 [INFO] PluginManage:359 - Loaded plugin projectmanager (category:projectmanager,tabindex:3)
2023-10-30 19:10:11,446 [INFO] PluginManage:310 - Check plugin thirdparty
2023-10-30 19:10:11,643 [INFO] PluginManage:359 - Loaded plugin thirdparty (category:base,tabindex:-1)
2023-10-30 19:10:11,643 [WARN] IntegrityCheckThread:84 - waiting for thirdparty lock release [integrity check]
2023-10-30 19:10:11,643 [INFO] PluginManage:310 - Check plugin tools
2023-10-30 19:10:11,643 [INFO] IntegrityCheckThread:86 - entering critical section [integrity check]
2023-10-30 19:10:11,643 [INFO] ThirdPartyUpdaterWithRetryManager:70 - Updater plugin not ready yet. [1/15]
2023-10-30 19:10:11,668 [INFO] PluginManage:359 - Loaded plugin tools (category:base,tabindex:7)
2023-10-30 19:10:11,668 [INFO] PluginManage:310 - Check plugin tutovideos
2023-10-30 19:10:11,817 [INFO] PluginManage:359 - Loaded plugin tutovideos (category:base,tabindex:-1)
2023-10-30 19:10:11,818 [INFO] PluginManage:310 - Check plugin updater
2023-10-30 19:10:11,827 [INFO] PluginManage:359 - Loaded plugin updater (category:base,tabindex:12)
2023-10-30 19:10:11,828 [INFO] PluginManage:310 - Check plugin userauth
2023-10-30 19:10:11,832 [INFO] UserAuth:113 - Init User Auth plugin
2023-10-30 19:10:11,832 [INFO] PluginManage:359 - Loaded plugin userauth (category:base,tabindex:14)
2023-10-30 19:10:11,833 [INFO] PluginManage:283 - PluginManage : Loaded plugins [17]
2023-10-30 19:10:12,015 [INFO] PinOutPanel:1499 - setPackage(No Configuration,No Configuration)
2023-10-30 19:10:12,098 [INFO] CADModel:165 - CPN selected for project level
2023-10-30 19:10:12,099 [INFO] CADModel:114 - Register for checkConnection events
2023-10-30 19:10:12,118 [INFO] IPUIPlugin:80 - create IPUIPlugin
2023-10-30 19:10:12,119 [INFO] PluginManager:220 - loadIPPluginJar : add adc
2023-10-30 19:10:12,144 [INFO] IPUIPlugin:80 - create IPUIPlugin
2023-10-30 19:10:12,144 [INFO] PluginManager:220 - loadIPPluginJar : add aes
2023-10-30 19:10:12,172 [INFO] IPUIPlugin:80 - create IPUIPlugin
2023-10-30 19:10:12,172 [INFO] PluginManager:220 - loadIPPluginJar : add can
2023-10-30 19:10:12,186 [INFO] IPUIPlugin:80 - create IPUIPlugin
2023-10-30 19:10:12,186 [INFO] PluginManager:220 - loadIPPluginJar : add comp
2023-10-30 19:10:12,208 [INFO] IPUIPlugin:80 - create IPUIPlugin
2023-10-30 19:10:12,208 [INFO] PluginManager:220 - loadIPPluginJar : add cryp
2023-10-30 19:10:12,226 [INFO] IPUIPlugin:80 - create IPUIPlugin
2023-10-30 19:10:12,227 [INFO] PluginManager:220 - loadIPPluginJar : add dfsdm
2023-10-30 19:10:12,236 [INFO] IPUIPlugin:80 - create IPUIPlugin
2023-10-30 19:10:12,238 [INFO] PluginManager:220 - loadIPPluginJar : add dma
2023-10-30 19:10:12,264 [INFO] IPUIPlugin:80 - create IPUIPlugin
2023-10-30 19:10:12,264 [INFO] PluginManager:220 - loadIPPluginJar : add dma3
2023-10-30 19:10:12,277 [INFO] IPUIPlugin:80 - create IPUIPlugin
2023-10-30 19:10:12,277 [INFO] PluginManager:220 - loadIPPluginJar : add fatfs
2023-10-30 19:10:12,308 [INFO] IPUIPlugin:80 - create IPUIPlugin
2023-10-30 19:10:12,308 [INFO] PluginManager:220 - loadIPPluginJar : add fmc
2023-10-30 19:10:12,318 [INFO] IPUIPlugin:80 - create IPUIPlugin
2023-10-30 19:10:12,318 [INFO] PluginManager:220 - loadIPPluginJar : add freertos
2023-10-30 19:10:12,332 [INFO] IPUIPlugin:80 - create IPUIPlugin
2023-10-30 19:10:12,332 [INFO] PluginManager:220 - loadIPPluginJar : add genericplugin
2023-10-30 19:10:12,388 [INFO] IPUIPlugin:80 - create IPUIPlugin
2023-10-30 19:10:12,388 [INFO] PluginManager:220 - loadIPPluginJar : add gfxmmu
2023-10-30 19:10:12,475 [INFO] IPUIPlugin:80 - create IPUIPlugin
2023-10-30 19:10:12,475 [INFO] PluginManager:220 - loadIPPluginJar : add gic
2023-10-30 19:10:12,484 [INFO] IPUIPlugin:80 - create IPUIPlugin
2023-10-30 19:10:12,484 [INFO] PluginManager:220 - loadIPPluginJar : add gpio
2023-10-30 19:10:12,547 [INFO] IPUIPlugin:80 - create IPUIPlugin
2023-10-30 19:10:12,547 [INFO] PluginManager:220 - loadIPPluginJar : add gtzc
2023-10-30 19:10:12,569 [INFO] IPUIPlugin:80 - create IPUIPlugin
2023-10-30 19:10:12,569 [INFO] PluginManager:220 - loadIPPluginJar : add hash
2023-10-30 19:10:12,606 [INFO] IPUIPlugin:80 - create IPUIPlugin
2023-10-30 19:10:12,606 [INFO] PluginManager:220 - loadIPPluginJar : add i2c
2023-10-30 19:10:12,635 [INFO] IPUIPlugin:80 - create IPUIPlugin
2023-10-30 19:10:12,635 [INFO] PluginManager:220 - loadIPPluginJar : add i2s
2023-10-30 19:10:12,664 [INFO] IPUIPlugin:80 - create IPUIPlugin
2023-10-30 19:10:12,664 [INFO] PluginManager:220 - loadIPPluginJar : add i3c
2023-10-30 19:10:12,741 [INFO] IPUIPlugin:80 - create IPUIPlugin
2023-10-30 19:10:12,741 [INFO] PluginManager:220 - loadIPPluginJar : add ipddr
2023-10-30 19:10:12,811 [INFO] IPUIPlugin:80 - create IPUIPlugin
2023-10-30 19:10:12,811 [INFO] PluginManager:220 - loadIPPluginJar : add linkedlist
2023-10-30 19:10:12,838 [INFO] IPUIPlugin:80 - create IPUIPlugin
2023-10-30 19:10:12,838 [INFO] PluginManager:220 - loadIPPluginJar : add lorawan
2023-10-30 19:10:12,869 [INFO] IPUIPlugin:80 - create IPUIPlugin
2023-10-30 19:10:12,869 [INFO] PluginManager:220 - loadIPPluginJar : add ltdc
2023-10-30 19:10:12,880 [INFO] IPUIPlugin:80 - create IPUIPlugin
2023-10-30 19:10:12,880 [INFO] PluginManager:220 - loadIPPluginJar : add mdma
2023-10-30 19:10:12,890 [INFO] IPUIPlugin:80 - create IPUIPlugin
2023-10-30 19:10:12,890 [INFO] PluginManager:220 - loadIPPluginJar : add nvic
2023-10-30 19:10:12,916 [INFO] IPUIPlugin:80 - create IPUIPlugin
2023-10-30 19:10:12,916 [INFO] PluginManager:220 - loadIPPluginJar : add opamp
2023-10-30 19:10:12,967 [INFO] IPUIPlugin:80 - create IPUIPlugin
2023-10-30 19:10:12,967 [INFO] PluginManager:220 - loadIPPluginJar : add openamp
2023-10-30 19:10:12,998 [INFO] IPUIPlugin:80 - create IPUIPlugin
2023-10-30 19:10:12,998 [INFO] PluginManager:220 - loadIPPluginJar : add pdm2pcm
2023-10-30 19:10:13,010 [INFO] IPUIPlugin:80 - create IPUIPlugin
2023-10-30 19:10:13,011 [INFO] PluginManager:220 - loadIPPluginJar : add plateformsettings
2023-10-30 19:10:13,028 [INFO] IPUIPlugin:80 - create IPUIPlugin
2023-10-30 19:10:13,028 [INFO] PluginManager:220 - loadIPPluginJar : add quadspi
2023-10-30 19:10:13,039 [INFO] IPUIPlugin:80 - create IPUIPlugin
2023-10-30 19:10:13,039 [INFO] PluginManager:220 - loadIPPluginJar : add resmgrutility
2023-10-30 19:10:13,076 [INFO] IPUIPlugin:80 - create IPUIPlugin
2023-10-30 19:10:13,076 [INFO] PluginManager:220 - loadIPPluginJar : add sai
2023-10-30 19:10:13,104 [INFO] IPUIPlugin:80 - create IPUIPlugin
2023-10-30 19:10:13,105 [INFO] PluginManager:220 - loadIPPluginJar : add spi
2023-10-30 19:10:13,147 [INFO] IPUIPlugin:80 - create IPUIPlugin
2023-10-30 19:10:13,147 [INFO] PluginManager:220 - loadIPPluginJar : add stm32_wpan
2023-10-30 19:10:13,164 [INFO] IPUIPlugin:80 - create IPUIPlugin
2023-10-30 19:10:13,164 [INFO] PluginManager:220 - loadIPPluginJar : add tim
2023-10-30 19:10:13,205 [INFO] IPUIPlugin:80 - create IPUIPlugin
2023-10-30 19:10:13,205 [INFO] PluginManager:220 - loadIPPluginJar : add touchsensing
2023-10-30 19:10:13,222 [INFO] IPUIPlugin:80 - create IPUIPlugin
2023-10-30 19:10:13,222 [INFO] PluginManager:220 - loadIPPluginJar : add tracer_emb
2023-10-30 19:10:13,241 [INFO] IPUIPlugin:80 - create IPUIPlugin
2023-10-30 19:10:13,241 [INFO] PluginManager:220 - loadIPPluginJar : add ts
2023-10-30 19:10:13,257 [INFO] IPUIPlugin:80 - create IPUIPlugin
2023-10-30 19:10:13,257 [INFO] PluginManager:220 - loadIPPluginJar : add tsc
2023-10-30 19:10:13,273 [INFO] IPUIPlugin:80 - create IPUIPlugin
2023-10-30 19:10:13,273 [INFO] PluginManager:220 - loadIPPluginJar : add ucpd
2023-10-30 19:10:13,308 [INFO] IPUIPlugin:80 - create IPUIPlugin
2023-10-30 19:10:13,309 [INFO] PluginManager:220 - loadIPPluginJar : add usart
2023-10-30 19:10:13,341 [INFO] IPUIPlugin:80 - create IPUIPlugin
2023-10-30 19:10:13,341 [INFO] PluginManager:220 - loadIPPluginJar : add usbx
2023-10-30 19:10:13,454 [INFO] CADModel:165 - CPN selected for project level
2023-10-30 19:10:13,454 [INFO] CADModel:114 - Register for checkConnection events
2023-10-30 19:10:13,455 [FATAL] Updater:308 - Updater called before beeing initialized
2023-10-30 19:10:13,455 [ERROR] CADModel:125 - Updater not yet initialized, retry later 
2023-10-30 19:10:13,573 [INFO] CADModel:165 - CPN selected for project level
2023-10-30 19:10:13,573 [INFO] CADModel:114 - Register for checkConnection events
2023-10-30 19:10:13,573 [FATAL] Updater:308 - Updater called before beeing initialized
2023-10-30 19:10:13,573 [ERROR] CADModel:125 - Updater not yet initialized, retry later 
2023-10-30 19:10:13,576 [FATAL] Updater:308 - Updater called before beeing initialized
2023-10-30 19:10:13,657 [FATAL] Updater:308 - Updater called before beeing initialized
2023-10-30 19:10:13,662 [INFO] DbMcusAds:53 - JSON generation date=Tue Mar 07 03:50:55 EST 2023 (1678179055114)
2023-10-30 19:10:13,662 [FATAL] Updater:308 - Updater called before beeing initialized
2023-10-30 19:10:13,731 [WARN] DetailPanel:346 - Failed to get advertising image, set to default
2023-10-30 19:10:13,811 [FATAL] Updater:308 - Updater called before beeing initialized
2023-10-30 19:10:13,812 [FATAL] Updater:308 - Updater called before beeing initialized
2023-10-30 19:10:13,812 [FATAL] Updater:308 - Updater called before beeing initialized
2023-10-30 19:10:13,813 [WARN] DetailPanel:346 - Failed to get advertising image, set to default
2023-10-30 19:10:13,813 [FATAL] Updater:308 - Updater called before beeing initialized
2023-10-30 19:10:13,866 [ERROR] Updater:1120 - MainUpdater not yet initialized. External WinMGr cannot be set.
2023-10-30 19:10:13,876 [INFO] Updater:1056 - Updater Version found : 6.9.1
2023-10-30 19:10:13,894 [INFO] ApplicationProperties:184 - Using Application install path: C:\ST\STM32CubeIDE_1.13.1\STM32CubeIDE\plugins\com.st.stm32cube.common.mx_6.9.1.202307191849
2023-10-30 19:10:13,998 [INFO] MainUpdater:2868 - connection check result : 10
2023-10-30 19:10:13,999 [INFO] MainUpdater:3562 - Updater definition file requires update
2023-10-30 19:10:14,000 [INFO] MainUpdater:285 - Updater Check For Update Now.
2023-10-30 19:10:14,000 [INFO] MicroXplorer:498 - Change Database Version : DB.6.0.91
2023-10-30 19:10:14,016 [INFO] McuFinderGlobals:63 - Set McuFinder mode to 2 (CubeIDE integrated)
2023-10-30 19:10:14,017 [INFO] UserAuth:179 - activating auth plugin
2023-10-30 19:10:14,019 [INFO] UserAuth:393 - Internet connection configuration mode: 1
2023-10-30 19:10:14,021 [INFO] ServerAccessManage:473 - Download File updaters.zip
2023-10-30 19:10:14,046 [INFO] JxBrowserEngine:151 - Initiate JxBrowser Engine with user profile folder
2023-10-30 19:10:14,088 [INFO] FileExtend:240 - Unzip File : updaters.zip
2023-10-30 19:10:14,089 [INFO] FileExtend:255 - Standard Zip Deflate
2023-10-30 19:10:14,421 [INFO] ServerAccessManage:473 - Download File PacksControlFlags.xml
2023-10-30 19:10:14,497 [INFO] ServerAccessManage:473 - Download File cubemx.pidx
2023-10-30 19:10:14,644 [WARN] MainUpdater:1189 - Updater busy. Cannot search thirdparties
2023-10-30 19:10:14,644 [INFO] ThirdPartyUpdaterWithRetryManager:96 - Updater plugin is busy. [1/15]
2023-10-30 19:10:15,025 [INFO] ServerAccessManage:473 - Download File STMicroelectronics.X-CUBE-BLEMGR.pdsc
2023-10-30 19:10:15,245 [INFO] ServerAccessManage:473 - Download File STMicroelectronics.X-CUBE-EEPRMA1.pdsc
2023-10-30 19:10:15,773 [ERROR] ServerAccessManage:1089 - Problem, file not found on Server
2023-10-30 19:10:15,962 [INFO] ServerAccessManage:473 - Download File STMicroelectronics.X-CUBE-MEMS1.pdsc
2023-10-30 19:10:16,737 [INFO] WebApp:157 - Instantiating new browser for Auth
2023-10-30 19:10:16,740 [INFO] ServerAccessManage:473 - Download File STMicroelectronics.X-CUBE-TOUCHGFX.pdsc
2023-10-30 19:10:17,343 [INFO] WebApp:753 - Register for checkConnection events
2023-10-30 19:10:17,343 [INFO] WebApp:390 - Apply proxy settings
2023-10-30 19:10:17,343 [INFO] WebApp:475 - Chromium requires no authentication
2023-10-30 19:10:17,352 [INFO] WebApp:418 - Direct internet connection detected
2023-10-30 19:10:17,517 [ERROR] ServerAccessManage:1096 - Problem, Http access forbiden
2023-10-30 19:10:17,518 [ERROR] ServerAccessManage:651 - Problem, Http access forbiden : RoweBots.I-CUBE-UNISONRTOS.pdsc.
2023-10-30 19:10:17,530 [INFO] WebApp:188 - Starting web application
2023-10-30 19:10:17,530 [INFO] WebApp:520 - Web application path used C:\ST\STM32CubeIDE_1.13.1\STM32CubeIDE\plugins\com.st.stm32cube.common.mx_6.9.1.202307191849\db\plugins\mcufinder\reactClient1\index.html
2023-10-30 19:10:17,645 [WARN] MainUpdater:1189 - Updater busy. Cannot search thirdparties
2023-10-30 19:10:17,645 [INFO] ThirdPartyUpdaterWithRetryManager:96 - Updater plugin is busy. [2/15]
2023-10-30 19:10:18,013 [INFO] ServerAccessManage:473 - Download File ITTIA_DB.I-CUBE-ITTIADB.pdsc
2023-10-30 19:10:19,190 [INFO] ServerAccessManage:473 - Download File Infineon.AIROC-Wi-Fi-Bluetooth-STM32.pdsc
2023-10-30 19:10:19,576 [WARN] PackLoader:240 - Cannot read IP mode file for STMicroelectronics.X-CUBE-BLEMGR.3.0.0
2023-10-30 19:10:19,593 [WARN] PackLoader:240 - Cannot read IP mode file for STMicroelectronics.X-CUBE-EEPRMA1.4.2.0
2023-10-30 19:10:19,675 [WARN] PackLoader:240 - Cannot read IP mode file for STMicroelectronics.X-CUBE-MEMS1.10.0.0
2023-10-30 19:10:19,721 [INFO] CheckServerUpdateThread:120 - End of CheckServer Thread
2023-10-30 19:10:19,845 [WARN] PackLoader:240 - Cannot read IP mode file for STMicroelectronics.X-CUBE-TOUCHGFX.4.22.1
2023-10-30 19:10:19,855 [WARN] PackLoader:240 - Cannot read IP mode file for ITTIA_DB.I-CUBE-ITTIADB.8.8.0
2023-10-30 19:10:19,872 [WARN] PackLoader:240 - Cannot read IP mode file for Infineon.AIROC-Wi-Fi-Bluetooth-STM32.1.5.1
2023-10-30 19:10:19,879 [INFO] PopulateThirdPartyThread:66 - Ending populate Thread
2023-10-30 19:10:19,879 [INFO] ThirdParty:1030 - CMSIS Pack Vendor :STMicroelectronics X-CUBE-MEMS1 10.0.0
2023-10-30 19:10:19,879 [INFO] ThirdParty:1030 - CMSIS Pack Vendor :STMicroelectronics X-CUBE-TOUCHGFX 4.22.1
2023-10-30 19:10:19,879 [INFO] ThirdParty:1030 - CMSIS Pack Vendor :Infineon AIROC-Wi-Fi-Bluetooth-STM32 1.5.1
2023-10-30 19:10:19,879 [INFO] ThirdParty:1030 - CMSIS Pack Vendor :STMicroelectronics X-CUBE-BLEMGR 3.0.0
2023-10-30 19:10:19,879 [INFO] ThirdParty:1030 - CMSIS Pack Vendor :STMicroelectronics X-CUBE-EEPRMA1 4.2.0
2023-10-30 19:10:19,879 [INFO] ThirdParty:1030 - CMSIS Pack Vendor :ITTIA_DB I-CUBE-ITTIADB 8.8.0
2023-10-30 19:10:19,879 [INFO] LoadServerUpdatesThread:373 - End of LoadServerUpdate Thread
2023-10-30 19:10:20,759 [WARN] PackLoader:240 - Cannot read IP mode file for STMicroelectronics.X-CUBE-SMBUS.2.1.0
2023-10-30 19:10:20,785 [WARN] PackLoader:240 - Cannot read IP mode file for STMicroelectronics.X-CUBE-AZRTOS-F7.1.1.0
2023-10-30 19:10:20,800 [WARN] PackLoader:240 - Cannot read IP mode file for STMicroelectronics.FP-SNS-MOTENV1.4.3.2
2023-10-30 19:10:20,805 [WARN] PackLoader:240 - Cannot read IP mode file for STMicroelectronics.FP-SNS-FLIGHT1.5.0.2
2023-10-30 19:10:20,816 [WARN] PackLoader:240 - Cannot read IP mode file for STMicroelectronics.X-CUBE-DISPLAY.3.0.0
2023-10-30 19:10:20,828 [WARN] PackLoader:240 - Cannot read IP mode file for STMicroelectronics.X-CUBE-BLE1.7.0.0
2023-10-30 19:10:20,838 [WARN] PackLoader:240 - Cannot read IP mode file for emotas.I-CUBE-CANOPEN.1.3.0
2023-10-30 19:10:20,849 [WARN] PackLoader:240 - Cannot read IP mode file for STMicroelectronics.X-CUBE-TOUCHGFX.4.22.0
2023-10-30 19:10:20,851 [WARN] PackLoader:240 - Cannot read IP mode file for STMicroelectronics.X-CUBE-TOUCHGFX.4.22.1
2023-10-30 19:10:20,862 [WARN] PackLoader:240 - Cannot read IP mode file for STMicroelectronics.FP-SNS-SMARTAG2.1.2.0
2023-10-30 19:10:20,879 [INFO] LogOutputStream:77 - [STDOUT_REDIRECT] 1 : Invalid condition id : UX_CORESTACK_Condition cause : null
2023-10-30 19:10:20,880 [INFO] LogOutputStream:77 - [STDOUT_REDIRECT] 1 : Invalid condition id : UX_CORESTACK_Condition cause : null
2023-10-30 19:10:20,881 [INFO] LogOutputStream:77 - [STDOUT_REDIRECT] 1 : Invalid condition id : UX_CORESTACK_Condition cause : null
2023-10-30 19:10:20,881 [INFO] LogOutputStream:77 - [STDOUT_REDIRECT] 1 : Invalid condition id : UX_CORESTACK_Condition cause : null
2023-10-30 19:10:20,882 [INFO] LogOutputStream:77 - [STDOUT_REDIRECT] 1 : Invalid condition id : UX_CORESTACK_Condition cause : null
2023-10-30 19:10:20,885 [WARN] PackLoader:240 - Cannot read IP mode file for STMicroelectronics.X-CUBE-AZRTOS-WL.2.0.0
2023-10-30 19:10:20,898 [WARN] PackLoader:240 - Cannot read IP mode file for WES.I-CUBE-Cesium.1.3.0
2023-10-30 19:10:20,907 [WARN] PackLoader:240 - Cannot read IP mode file for STMicroelectronics.X-CUBE-BLE2.3.3.0
2023-10-30 19:10:20,918 [WARN] PackLoader:240 - Cannot read IP mode file for STMicroelectronics.X-CUBE-ALGOBUILD.1.3.0
2023-10-30 19:10:20,938 [WARN] PackLoader:240 - Cannot read IP mode file for STMicroelectronics.X-CUBE-AZRTOS-G0.1.1.0
2023-10-30 19:10:20,949 [WARN] PackLoader:240 - Cannot read IP mode file for STMicroelectronics.X-CUBE-NFC4.3.0.0
2023-10-30 19:10:20,957 [WARN] PackLoader:240 - Cannot read IP mode file for STMicroelectronics.X-CUBE-BLEMGR.3.0.0
2023-10-30 19:10:20,964 [WARN] PackLoader:240 - Cannot read IP mode file for STMicroelectronics.FP-ATR-SIGFOX1.3.2.0
2023-10-30 19:10:20,993 [WARN] PackLoader:240 - Cannot read IP mode file for SEGGER.I-CUBE-embOS.1.3.1
2023-10-30 19:10:21,025 [WARN] PackLoader:240 - Cannot read IP mode file for STMicroelectronics.X-CUBE-GNSS1.6.0.0
2023-10-30 19:10:21,047 [WARN] PackLoader:240 - Cannot read IP mode file for STMicroelectronics.X-CUBE-AZRTOS-F4.1.1.0
2023-10-30 19:10:21,057 [WARN] PackLoader:240 - Cannot read IP mode file for wolfSSL.I-CUBE-wolfSSL.5.6.3
2023-10-30 19:10:21,087 [WARN] PackLoader:240 - Cannot read IP mode file for STMicroelectronics.X-CUBE-AZRTOS-L5.2.0.0
2023-10-30 19:10:21,127 [WARN] PackLoader:240 - Cannot read IP mode file for STMicroelectronics.X-CUBE-MEMS1.9.6.0
2023-10-30 19:10:21,227 [WARN] PackLoader:240 - Cannot read IP mode file for STMicroelectronics.X-CUBE-EEPRMA1.4.2.0
2023-10-30 19:10:21,227 [WARN] PackLoader:240 - Cannot read IP mode file for ITTIA_DB.I-CUBE-ITTIADB.8.8.0
2023-10-30 19:10:21,237 [WARN] PackLoader:240 - Cannot read IP mode file for STMicroelectronics.X-CUBE-BLEMGR.2.0.0
2023-10-30 19:10:21,257 [WARN] ConditionMgr:438 - getConditionDescription Invalid condition id : UX DEVICE CLASS RTOS Condition cause : null
2023-10-30 19:10:21,257 [WARN] ConditionMgr:438 - getConditionDescription Invalid condition id : UX DEVICE CLASS RTOS Condition cause : null
2023-10-30 19:10:21,267 [WARN] PackLoader:240 - Cannot read IP mode file for STMicroelectronics.X-CUBE-AZRTOS-H7.3.1.0
2023-10-30 19:10:21,267 [WARN] ConditionMgr:1039 - genDependencies : Invalid condition id : UX DEVICE CLASS RTOS Condition cause : null
2023-10-30 19:10:21,267 [WARN] ConditionMgr:1039 - genDependencies : Invalid condition id : UX DEVICE CLASS RTOS Condition cause : null
2023-10-30 19:10:21,267 [WARN] ConditionMgr:1039 - genDependencies : Invalid condition id : UX DEVICE CLASS RTOS Condition cause : null
2023-10-30 19:10:21,267 [WARN] ConditionMgr:1039 - genDependencies : Invalid condition id : UX DEVICE CLASS RTOS Condition cause : null
2023-10-30 19:10:21,267 [WARN] ConditionMgr:1039 - genDependencies : Invalid condition id : UX DEVICE CLASS RTOS Condition cause : null
2023-10-30 19:10:21,277 [WARN] PackLoader:240 - Cannot read IP mode file for STMicroelectronics.X-CUBE-NFC7.1.0.1
2023-10-30 19:10:21,297 [WARN] PackLoader:240 - Cannot read IP mode file for STMicroelectronics.X-CUBE-NFC6.3.0.0
2023-10-30 19:10:21,307 [WARN] PackLoader:240 - Cannot read IP mode file for STMicroelectronics.X-CUBE-EEPRMA1.4.1.0
2023-10-30 19:10:21,323 [WARN] PackLoader:240 - Cannot read IP mode file for STMicroelectronics.X-CUBE-AI.8.1.0
2023-10-30 19:10:21,352 [WARN] ConditionMgr:438 - getConditionDescription Invalid condition id : LAN8742 Phy interface Condition cause : null
2023-10-30 19:10:21,352 [WARN] PackLoader:240 - Cannot read IP mode file for STMicroelectronics.X-CUBE-AZRTOS-L4.2.0.0
2023-10-30 19:10:21,353 [WARN] ConditionMgr:1039 - genDependencies : Invalid condition id : LAN8742 Phy interface Condition cause : null
2023-10-30 19:10:21,353 [WARN] ConditionMgr:1039 - genDependencies : Invalid condition id : LAN8742 Phy interface Condition cause : null
2023-10-30 19:10:21,354 [WARN] ConditionMgr:1039 - genDependencies : Invalid condition id : LAN8742 Phy interface Condition cause : null
2023-10-30 19:10:21,365 [WARN] PackLoader:240 - Cannot read IP mode file for STMicroelectronics.X-CUBE-SFXS2LP1.4.0.0
2023-10-30 19:10:21,381 [WARN] PackLoader:240 - Cannot read IP mode file for STMicroelectronics.X-CUBE-ISPU.1.1.0
2023-10-30 19:10:21,398 [WARN] ConditionMgr:438 - getConditionDescription Invalid condition id : UX DEVICE CLASS RTOS Condition cause : null
2023-10-30 19:10:21,398 [WARN] ConditionMgr:438 - getConditionDescription Invalid condition id : UX DEVICE CLASS RTOS Condition cause : null
2023-10-30 19:10:21,398 [WARN] PackLoader:240 - Cannot read IP mode file for STMicroelectronics.X-CUBE-AZRTOS-WB.2.0.0
2023-10-30 19:10:21,398 [WARN] ConditionMgr:1039 - genDependencies : Invalid condition id : UX DEVICE CLASS RTOS Condition cause : null
2023-10-30 19:10:21,398 [WARN] ConditionMgr:1039 - genDependencies : Invalid condition id : UX DEVICE CLASS RTOS Condition cause : null
2023-10-30 19:10:21,398 [WARN] ConditionMgr:1039 - genDependencies : Invalid condition id : UX DEVICE CLASS RTOS Condition cause : null
2023-10-30 19:10:21,398 [WARN] ConditionMgr:1039 - genDependencies : Invalid condition id : UX DEVICE CLASS RTOS Condition cause : null
2023-10-30 19:10:21,398 [WARN] ConditionMgr:1039 - genDependencies : Invalid condition id : UX DEVICE CLASS RTOS Condition cause : null
2023-10-30 19:10:21,414 [WARN] PackLoader:240 - Cannot read IP mode file for STMicroelectronics.X-CUBE-SUBG2.5.0.0
2023-10-30 19:10:21,441 [WARN] PackLoader:240 - Cannot read IP mode file for STMicroelectronics.X-CUBE-TOF1.3.3.1
2023-10-30 19:10:21,464 [WARN] PackLoader:240 - Cannot read IP mode file for STMicroelectronics.X-CUBE-AZRTOS-G4.2.0.0
2023-10-30 19:10:21,474 [WARN] PackLoader:240 - Cannot read IP mode file for Infineon.AIROC-Wi-Fi-Bluetooth-STM32.1.5.1
2023-10-30 19:10:21,507 [WARN] PackLoader:240 - Cannot read IP mode file for STMicroelectronics.X-CUBE-MEMS1.10.0.0
2023-10-30 19:10:21,600 [WARN] PackLoader:240 - Cannot read IP mode file for STMicroelectronics.X-CUBE-FREERTOS.1.1.0
2023-10-30 19:10:21,611 [WARN] PackLoader:240 - Cannot read IP mode file for portGmbH.I-Cube-SoM-uGOAL.1.1.0
2023-10-30 19:10:21,620 [WARN] PackLoader:240 - Cannot read IP mode file for STMicroelectronics.X-CUBE-ALS.1.0.1
2023-10-30 19:10:21,625 [WARN] PackLoader:240 - Cannot read IP mode file for STMicroelectronics.FP-ATR-ASTRA1.2.0.0
2023-10-30 19:10:21,626 [INFO] ThirdParty:978 - Integrity check success = true
2023-10-30 19:10:21,626 [INFO] IntegrityCheckThread:100 - exiting critical section [integrity check]
2023-10-30 19:10:21,626 [INFO] IntegrityCheckThread:103 - End integrity checks thread
2023-10-30 19:10:38,329 [ERROR] LogOutputStream:75 - [STDERR_REDIRECT] SLF4J: Failed to load class "org.slf4j.impl.StaticLoggerBinder".
2023-10-30 19:10:38,329 [ERROR] LogOutputStream:75 - [STDERR_REDIRECT] SLF4J: Defaulting to no-operation (NOP) logger implementation
2023-10-30 19:10:38,329 [ERROR] LogOutputStream:75 - [STDERR_REDIRECT] SLF4J: See http://www.slf4j.org/codes.html#StaticLoggerBinder for further details.
2023-10-30 20:17:05,651 [ERROR] LogOutputStream:75 - [STDERR_REDIRECT] 
