2023-09-14 09:09:57,509 [INFO] Activator:176 - 


2023-09-14 09:09:57,511 [INFO] Activator:177 - !SESSION log4j initialized
2023-09-14 09:10:00,883 [INFO] LogOutputStream:77 - [STDOUT_REDIRECT] 
2023-09-14 09:10:02,811 [INFO] ApplicationProperties:184 - Using Application install path: C:\ST\STM32CubeIDE_1.13.1\STM32CubeIDE\plugins\com.st.stm32cube.common.mx_6.9.1.202307191849
2023-09-14 09:10:02,831 [INFO] DbMcusXml:78 - Set database path to: C:\ST\STM32CubeIDE_1.13.1\STM32CubeIDE\plugins\com.st.stm32cube.common.mx_6.9.1.202307191849\\db\/mcu/
2023-09-14 09:10:02,831 [INFO] ApiDb:274 - Set plugin database path to: C:\ST\STM32CubeIDE_1.13.1\STM32CubeIDE\plugins\com.st.stm32cube.common.mx_6.9.1.202307191849\\db\/plugins/boardmanager/
2023-09-14 09:10:02,832 [WARN] ApiDb:259 - Overriding images path with different value:  => C:\ST\STM32CubeIDE_1.13.1\STM32CubeIDE\plugins\com.st.stm32cube.common.mx_6.9.1.202307191849\\db\/plugins/mcufinder/images/
2023-09-14 09:10:04,072 [WARN] ApiFinderProperties:113 - C:\Users\roozb\.stmcufinder\plugins\mcufinder\mcu\mcuFinder.mfd doesn't exist
2023-09-14 09:10:04,072 [INFO] ApiDb:250 - Set database path to: C:\Users\roozb\.stmcufinder\plugins\mcufinder//mcu/
2023-09-14 09:10:04,074 [INFO] DbMcusAds:125 - Set database path to: C:\Users\roozb\.stmcufinder\plugins\mcufinder//mcu/
2023-09-14 09:10:04,076 [INFO] CrossReferenceDbSqlite:203 - Set database path to: C:\Users\roozb\.stmcufinder\plugins\mcufinder//mcu/cs/
2023-09-14 09:10:04,211 [INFO] RulesReader:64 - Compatibility file has been processed (293 Rules)
2023-09-14 09:10:04,293 [INFO] DbMcusXml:78 - Set database path to: C:\ST\STM32CubeIDE_1.13.1\STM32CubeIDE\plugins\com.st.stm32cube.common.mx_6.9.1.202307191849\\db\/mcu/
2023-09-14 09:10:04,293 [INFO] ApiDb:274 - Set plugin database path to: C:\ST\STM32CubeIDE_1.13.1\STM32CubeIDE\plugins\com.st.stm32cube.common.mx_6.9.1.202307191849\\db\/plugins/boardmanager/
2023-09-14 09:10:04,293 [INFO] ApiDb:261 - Set plugin images path to: C:\ST\STM32CubeIDE_1.13.1\STM32CubeIDE\plugins\com.st.stm32cube.common.mx_6.9.1.202307191849\\db\/plugins/mcufinder/images/
2023-09-14 09:10:04,293 [WARN] DbFile:41 - Overriding database path with different value: C:\Users\roozb\.stmcufinder\plugins\mcufinder/ => C:\Users\roozb\.stmcufinder\plugins\mcufinder
2023-09-14 09:10:04,293 [INFO] ApiDb:250 - Set database path to: C:\Users\roozb\.stmcufinder\plugins\mcufinder//mcu/
2023-09-14 09:10:04,293 [WARN] DbFile:41 - Overriding database path with different value: C:\Users\roozb\.stmcufinder\plugins\mcufinder/ => C:\Users\roozb\.stmcufinder\plugins\mcufinder
2023-09-14 09:10:04,293 [INFO] DbMcusAds:125 - Set database path to: C:\Users\roozb\.stmcufinder\plugins\mcufinder//mcu/
2023-09-14 09:10:04,294 [WARN] DbFile:41 - Overriding database path with different value: C:\Users\roozb\.stmcufinder\plugins\mcufinder/ => C:\Users\roozb\.stmcufinder\plugins\mcufinder
2023-09-14 09:10:04,294 [WARN] DbFile:41 - Overriding database path with different value: C:\Users\roozb\.stmcufinder\plugins\mcufinder/ => C:\Users\roozb\.stmcufinder\plugins\mcufinder
2023-09-14 09:10:04,294 [INFO] CrossReferenceDbSqlite:203 - Set database path to: C:\Users\roozb\.stmcufinder\plugins\mcufinder//mcu/cs/
2023-09-14 09:10:04,379 [INFO] MainPanel:262 - HeapMemory: 268435456
2023-09-14 09:10:04,473 [INFO] DbMcusXml:78 - Set database path to: C:\ST\STM32CubeIDE_1.13.1\STM32CubeIDE\plugins\com.st.stm32cube.common.mx_6.9.1.202307191849\\db\/mcu/
2023-09-14 09:10:04,473 [INFO] ApiDb:274 - Set plugin database path to: C:\ST\STM32CubeIDE_1.13.1\STM32CubeIDE\plugins\com.st.stm32cube.common.mx_6.9.1.202307191849\\db\/plugins/boardmanager/
2023-09-14 09:10:04,474 [INFO] ApiDb:261 - Set plugin images path to: C:\ST\STM32CubeIDE_1.13.1\STM32CubeIDE\plugins\com.st.stm32cube.common.mx_6.9.1.202307191849\\db\/plugins/mcufinder/images/
2023-09-14 09:10:04,474 [WARN] DbFile:41 - Overriding database path with different value: C:\Users\roozb\.stmcufinder\plugins\mcufinder/ => C:\Users\roozb\.stmcufinder\plugins\mcufinder
2023-09-14 09:10:04,475 [INFO] ApiDb:250 - Set database path to: C:\Users\roozb\.stmcufinder\plugins\mcufinder//mcu/
2023-09-14 09:10:04,475 [WARN] DbFile:41 - Overriding database path with different value: C:\Users\roozb\.stmcufinder\plugins\mcufinder/ => C:\Users\roozb\.stmcufinder\plugins\mcufinder
2023-09-14 09:10:04,475 [INFO] DbMcusAds:125 - Set database path to: C:\Users\roozb\.stmcufinder\plugins\mcufinder//mcu/
2023-09-14 09:10:04,475 [WARN] DbFile:41 - Overriding database path with different value: C:\Users\roozb\.stmcufinder\plugins\mcufinder/ => C:\Users\roozb\.stmcufinder\plugins\mcufinder
2023-09-14 09:10:04,475 [WARN] DbFile:41 - Overriding database path with different value: C:\Users\roozb\.stmcufinder\plugins\mcufinder/ => C:\Users\roozb\.stmcufinder\plugins\mcufinder
2023-09-14 09:10:04,475 [INFO] CrossReferenceDbSqlite:203 - Set database path to: C:\Users\roozb\.stmcufinder\plugins\mcufinder//mcu/cs/
2023-09-14 09:10:04,500 [INFO] ApplicationProperties:184 - Using Application install path: C:\ST\STM32CubeIDE_1.13.1\STM32CubeIDE\plugins\com.st.stm32cube.common.mx_6.9.1.202307191849
2023-09-14 09:10:04,502 [INFO] PluginManage:196 - Search for loadable plugins [exclusion list=, ]
2023-09-14 09:10:04,503 [INFO] PluginManage:310 - Check plugin analytics
2023-09-14 09:10:04,714 [INFO] AnalyticsPlugin:253 - Accepted Software Licenses: 
2023-09-14 09:10:04,714 [INFO] AnalyticsPlugin:255 - Accepted CMSIS Pack Licenses: 
2023-09-14 09:10:04,714 [INFO] AnalyticsPlugin:257 - Accepted Firmware Licenses: 
2023-09-14 09:10:04,717 [INFO] PluginManage:359 - Loaded plugin analytics (category:tool,tabindex:-1)
2023-09-14 09:10:04,717 [INFO] PluginManage:310 - Check plugin cadmodel
2023-09-14 09:10:04,727 [INFO] CADModel:105 - Init CAD model plugin
2023-09-14 09:10:04,727 [INFO] PluginManage:359 - Loaded plugin cadmodel (category:power,tabindex:5)
2023-09-14 09:10:04,727 [INFO] PluginManage:310 - Check plugin clock
2023-09-14 09:10:04,739 [INFO] PluginManage:359 - Loaded plugin clock (category:base,tabindex:2)
2023-09-14 09:10:04,740 [INFO] PluginManage:310 - Check plugin ddr
2023-09-14 09:10:04,745 [INFO] PluginManage:359 - Loaded plugin ddr (category:tool,tabindex:6)
2023-09-14 09:10:04,745 [INFO] PluginManage:310 - Check plugin filemanager
2023-09-14 09:10:04,895 [INFO] PluginManage:359 - Loaded plugin filemanager (category:base,tabindex:10)
2023-09-14 09:10:04,895 [INFO] PluginManage:310 - Check plugin ipmanager
2023-09-14 09:10:04,903 [INFO] PluginManage:359 - Loaded plugin ipmanager (category:base,tabindex:5)
2023-09-14 09:10:04,903 [INFO] PluginManage:310 - Check plugin lpbam
2023-09-14 09:10:04,910 [INFO] PluginManage:359 - Loaded plugin lpbam (category:base,tabindex:0)
2023-09-14 09:10:04,910 [INFO] PluginManage:310 - Check plugin memorymap
2023-09-14 09:10:04,918 [INFO] PluginManage:359 - Loaded plugin memorymap (category:base,tabindex:4)
2023-09-14 09:10:04,918 [INFO] PluginManage:310 - Check plugin pinoutandconfiguration
2023-09-14 09:10:04,926 [INFO] PluginManage:359 - Loaded plugin pinoutandconfiguration (category:base,tabindex:1)
2023-09-14 09:10:04,926 [INFO] PluginManage:310 - Check plugin pinoutconfig
2023-09-14 09:10:05,062 [WARN] SupportedApi:132 - Cannot load RTOS API schema: s4s-elt-must-match.1: The content of 'definitions' must match (annotation?, (simpleType | complexType)?, (unique | key | keyref)*)). A problem was found starting at: attribute.
2023-09-14 09:10:05,230 [INFO] PluginManage:359 - Loaded plugin pinoutconfig (category:base,tabindex:0)
2023-09-14 09:10:05,230 [INFO] PluginManage:310 - Check plugin power
2023-09-14 09:10:05,246 [INFO] PluginManage:359 - Loaded plugin power (category:power,tabindex:4)
2023-09-14 09:10:05,246 [INFO] PluginManage:310 - Check plugin projectmanager
2023-09-14 09:10:05,262 [INFO] PluginManage:359 - Loaded plugin projectmanager (category:projectmanager,tabindex:3)
2023-09-14 09:10:05,262 [INFO] PluginManage:310 - Check plugin thirdparty
2023-09-14 09:10:05,382 [WARN] IntegrityCheckThread:84 - waiting for thirdparty lock release [integrity check]
2023-09-14 09:10:05,382 [INFO] IntegrityCheckThread:86 - entering critical section [integrity check]
2023-09-14 09:10:05,382 [INFO] PluginManage:359 - Loaded plugin thirdparty (category:base,tabindex:-1)
2023-09-14 09:10:05,382 [INFO] PluginManage:310 - Check plugin tools
2023-09-14 09:10:05,382 [INFO] ThirdPartyUpdaterWithRetryManager:70 - Updater plugin not ready yet. [1/15]
2023-09-14 09:10:05,382 [INFO] PluginManage:359 - Loaded plugin tools (category:base,tabindex:7)
2023-09-14 09:10:05,382 [INFO] PluginManage:310 - Check plugin tutovideos
2023-09-14 09:10:05,566 [INFO] PluginManage:359 - Loaded plugin tutovideos (category:base,tabindex:-1)
2023-09-14 09:10:05,566 [INFO] PluginManage:310 - Check plugin updater
2023-09-14 09:10:05,590 [INFO] PluginManage:359 - Loaded plugin updater (category:base,tabindex:12)
2023-09-14 09:10:05,590 [INFO] PluginManage:310 - Check plugin userauth
2023-09-14 09:10:05,598 [INFO] UserAuth:113 - Init User Auth plugin
2023-09-14 09:10:05,598 [INFO] PluginManage:359 - Loaded plugin userauth (category:base,tabindex:14)
2023-09-14 09:10:05,598 [INFO] PluginManage:283 - PluginManage : Loaded plugins [17]
2023-09-14 09:10:05,870 [INFO] PinOutPanel:1499 - setPackage(No Configuration,No Configuration)
2023-09-14 09:10:05,974 [INFO] CADModel:165 - CPN selected for project level
2023-09-14 09:10:05,974 [INFO] CADModel:114 - Register for checkConnection events
2023-09-14 09:10:05,990 [INFO] IPUIPlugin:80 - create IPUIPlugin
2023-09-14 09:10:05,990 [INFO] PluginManager:220 - loadIPPluginJar : add adc
2023-09-14 09:10:05,990 [INFO] IPUIPlugin:80 - create IPUIPlugin
2023-09-14 09:10:05,990 [INFO] PluginManager:220 - loadIPPluginJar : add aes
2023-09-14 09:10:05,990 [INFO] IPUIPlugin:80 - create IPUIPlugin
2023-09-14 09:10:05,990 [INFO] PluginManager:220 - loadIPPluginJar : add can
2023-09-14 09:10:05,998 [INFO] IPUIPlugin:80 - create IPUIPlugin
2023-09-14 09:10:05,998 [INFO] PluginManager:220 - loadIPPluginJar : add comp
2023-09-14 09:10:05,998 [INFO] IPUIPlugin:80 - create IPUIPlugin
2023-09-14 09:10:05,998 [INFO] PluginManager:220 - loadIPPluginJar : add cryp
2023-09-14 09:10:05,998 [INFO] IPUIPlugin:80 - create IPUIPlugin
2023-09-14 09:10:05,998 [INFO] PluginManager:220 - loadIPPluginJar : add dfsdm
2023-09-14 09:10:06,006 [INFO] IPUIPlugin:80 - create IPUIPlugin
2023-09-14 09:10:06,006 [INFO] PluginManager:220 - loadIPPluginJar : add dma
2023-09-14 09:10:06,006 [INFO] IPUIPlugin:80 - create IPUIPlugin
2023-09-14 09:10:06,006 [INFO] PluginManager:220 - loadIPPluginJar : add dma3
2023-09-14 09:10:06,006 [INFO] IPUIPlugin:80 - create IPUIPlugin
2023-09-14 09:10:06,006 [INFO] PluginManager:220 - loadIPPluginJar : add fatfs
2023-09-14 09:10:06,014 [INFO] IPUIPlugin:80 - create IPUIPlugin
2023-09-14 09:10:06,014 [INFO] PluginManager:220 - loadIPPluginJar : add fmc
2023-09-14 09:10:06,014 [INFO] IPUIPlugin:80 - create IPUIPlugin
2023-09-14 09:10:06,014 [INFO] PluginManager:220 - loadIPPluginJar : add freertos
2023-09-14 09:10:06,022 [INFO] IPUIPlugin:80 - create IPUIPlugin
2023-09-14 09:10:06,022 [INFO] PluginManager:220 - loadIPPluginJar : add genericplugin
2023-09-14 09:10:06,022 [INFO] IPUIPlugin:80 - create IPUIPlugin
2023-09-14 09:10:06,022 [INFO] PluginManager:220 - loadIPPluginJar : add gfxmmu
2023-09-14 09:10:06,022 [INFO] IPUIPlugin:80 - create IPUIPlugin
2023-09-14 09:10:06,022 [INFO] PluginManager:220 - loadIPPluginJar : add gic
2023-09-14 09:10:06,030 [INFO] IPUIPlugin:80 - create IPUIPlugin
2023-09-14 09:10:06,030 [INFO] PluginManager:220 - loadIPPluginJar : add gpio
2023-09-14 09:10:06,030 [INFO] IPUIPlugin:80 - create IPUIPlugin
2023-09-14 09:10:06,030 [INFO] PluginManager:220 - loadIPPluginJar : add gtzc
2023-09-14 09:10:06,030 [INFO] IPUIPlugin:80 - create IPUIPlugin
2023-09-14 09:10:06,030 [INFO] PluginManager:220 - loadIPPluginJar : add hash
2023-09-14 09:10:06,038 [INFO] IPUIPlugin:80 - create IPUIPlugin
2023-09-14 09:10:06,038 [INFO] PluginManager:220 - loadIPPluginJar : add i2c
2023-09-14 09:10:06,038 [INFO] IPUIPlugin:80 - create IPUIPlugin
2023-09-14 09:10:06,038 [INFO] PluginManager:220 - loadIPPluginJar : add i2s
2023-09-14 09:10:06,038 [INFO] IPUIPlugin:80 - create IPUIPlugin
2023-09-14 09:10:06,038 [INFO] PluginManager:220 - loadIPPluginJar : add i3c
2023-09-14 09:10:06,046 [INFO] IPUIPlugin:80 - create IPUIPlugin
2023-09-14 09:10:06,046 [INFO] PluginManager:220 - loadIPPluginJar : add ipddr
2023-09-14 09:10:06,054 [INFO] IPUIPlugin:80 - create IPUIPlugin
2023-09-14 09:10:06,054 [INFO] PluginManager:220 - loadIPPluginJar : add linkedlist
2023-09-14 09:10:06,054 [INFO] IPUIPlugin:80 - create IPUIPlugin
2023-09-14 09:10:06,054 [INFO] PluginManager:220 - loadIPPluginJar : add lorawan
2023-09-14 09:10:06,062 [INFO] IPUIPlugin:80 - create IPUIPlugin
2023-09-14 09:10:06,062 [INFO] PluginManager:220 - loadIPPluginJar : add ltdc
2023-09-14 09:10:06,070 [INFO] IPUIPlugin:80 - create IPUIPlugin
2023-09-14 09:10:06,070 [INFO] PluginManager:220 - loadIPPluginJar : add mdma
2023-09-14 09:10:06,070 [INFO] IPUIPlugin:80 - create IPUIPlugin
2023-09-14 09:10:06,070 [INFO] PluginManager:220 - loadIPPluginJar : add nvic
2023-09-14 09:10:06,078 [INFO] IPUIPlugin:80 - create IPUIPlugin
2023-09-14 09:10:06,078 [INFO] PluginManager:220 - loadIPPluginJar : add opamp
2023-09-14 09:10:06,078 [INFO] IPUIPlugin:80 - create IPUIPlugin
2023-09-14 09:10:06,078 [INFO] PluginManager:220 - loadIPPluginJar : add openamp
2023-09-14 09:10:06,086 [INFO] IPUIPlugin:80 - create IPUIPlugin
2023-09-14 09:10:06,086 [INFO] PluginManager:220 - loadIPPluginJar : add pdm2pcm
2023-09-14 09:10:06,094 [INFO] IPUIPlugin:80 - create IPUIPlugin
2023-09-14 09:10:06,094 [INFO] PluginManager:220 - loadIPPluginJar : add plateformsettings
2023-09-14 09:10:06,102 [INFO] IPUIPlugin:80 - create IPUIPlugin
2023-09-14 09:10:06,102 [INFO] PluginManager:220 - loadIPPluginJar : add quadspi
2023-09-14 09:10:06,102 [INFO] IPUIPlugin:80 - create IPUIPlugin
2023-09-14 09:10:06,102 [INFO] PluginManager:220 - loadIPPluginJar : add resmgrutility
2023-09-14 09:10:06,110 [INFO] IPUIPlugin:80 - create IPUIPlugin
2023-09-14 09:10:06,110 [INFO] PluginManager:220 - loadIPPluginJar : add sai
2023-09-14 09:10:06,110 [INFO] IPUIPlugin:80 - create IPUIPlugin
2023-09-14 09:10:06,110 [INFO] PluginManager:220 - loadIPPluginJar : add spi
2023-09-14 09:10:06,118 [INFO] IPUIPlugin:80 - create IPUIPlugin
2023-09-14 09:10:06,118 [INFO] PluginManager:220 - loadIPPluginJar : add stm32_wpan
2023-09-14 09:10:06,118 [INFO] IPUIPlugin:80 - create IPUIPlugin
2023-09-14 09:10:06,118 [INFO] PluginManager:220 - loadIPPluginJar : add tim
2023-09-14 09:10:06,126 [INFO] IPUIPlugin:80 - create IPUIPlugin
2023-09-14 09:10:06,126 [INFO] PluginManager:220 - loadIPPluginJar : add touchsensing
2023-09-14 09:10:06,126 [INFO] IPUIPlugin:80 - create IPUIPlugin
2023-09-14 09:10:06,126 [INFO] PluginManager:220 - loadIPPluginJar : add tracer_emb
2023-09-14 09:10:06,126 [INFO] IPUIPlugin:80 - create IPUIPlugin
2023-09-14 09:10:06,126 [INFO] PluginManager:220 - loadIPPluginJar : add ts
2023-09-14 09:10:06,126 [INFO] IPUIPlugin:80 - create IPUIPlugin
2023-09-14 09:10:06,126 [INFO] PluginManager:220 - loadIPPluginJar : add tsc
2023-09-14 09:10:06,134 [INFO] IPUIPlugin:80 - create IPUIPlugin
2023-09-14 09:10:06,134 [INFO] PluginManager:220 - loadIPPluginJar : add ucpd
2023-09-14 09:10:06,134 [INFO] IPUIPlugin:80 - create IPUIPlugin
2023-09-14 09:10:06,134 [INFO] PluginManager:220 - loadIPPluginJar : add usart
2023-09-14 09:10:06,134 [INFO] IPUIPlugin:80 - create IPUIPlugin
2023-09-14 09:10:06,134 [INFO] PluginManager:220 - loadIPPluginJar : add usbx
2023-09-14 09:10:06,270 [INFO] CADModel:165 - CPN selected for project level
2023-09-14 09:10:06,270 [INFO] CADModel:114 - Register for checkConnection events
2023-09-14 09:10:06,270 [FATAL] Updater:308 - Updater called before beeing initialized
2023-09-14 09:10:06,270 [ERROR] CADModel:125 - Updater not yet initialized, retry later 
2023-09-14 09:10:06,438 [INFO] CADModel:165 - CPN selected for project level
2023-09-14 09:10:06,438 [INFO] CADModel:114 - Register for checkConnection events
2023-09-14 09:10:06,438 [FATAL] Updater:308 - Updater called before beeing initialized
2023-09-14 09:10:06,438 [ERROR] CADModel:125 - Updater not yet initialized, retry later 
2023-09-14 09:10:06,438 [FATAL] Updater:308 - Updater called before beeing initialized
2023-09-14 09:10:06,542 [FATAL] Updater:308 - Updater called before beeing initialized
2023-09-14 09:10:06,550 [INFO] DbMcusAds:53 - JSON generation date=Thu Sep 30 02:55:09 EDT 2021 (1632984909247)
2023-09-14 09:10:06,550 [FATAL] Updater:308 - Updater called before beeing initialized
2023-09-14 09:10:06,590 [WARN] DetailPanel:346 - Failed to get advertising image, set to default
2023-09-14 09:10:06,670 [FATAL] Updater:308 - Updater called before beeing initialized
2023-09-14 09:10:06,678 [FATAL] Updater:308 - Updater called before beeing initialized
2023-09-14 09:10:06,678 [FATAL] Updater:308 - Updater called before beeing initialized
2023-09-14 09:10:06,678 [WARN] DetailPanel:346 - Failed to get advertising image, set to default
2023-09-14 09:10:06,678 [FATAL] Updater:308 - Updater called before beeing initialized
2023-09-14 09:10:06,726 [ERROR] Updater:1120 - MainUpdater not yet initialized. External WinMGr cannot be set.
2023-09-14 09:10:06,734 [INFO] Updater:1056 - Updater Version found : 6.9.1
2023-09-14 09:10:06,766 [INFO] ApplicationProperties:184 - Using Application install path: C:\ST\STM32CubeIDE_1.13.1\STM32CubeIDE\plugins\com.st.stm32cube.common.mx_6.9.1.202307191849
2023-09-14 09:10:06,798 [INFO] MainUpdater:521 - Copy updater definitions from MX database
2023-09-14 09:10:06,838 [INFO] MainUpdater:554 - Copy flag file definitions from MX database
2023-09-14 09:10:06,846 [INFO] MainUpdater:570 - Copy thirdparty index definitions from MX database
2023-09-14 09:10:06,846 [INFO] MainUpdater:589 - Copy default thirdparty db definitions from MX database
2023-09-14 09:10:06,998 [INFO] MainUpdater:2868 - connection check result : 10
2023-09-14 09:10:06,998 [INFO] MainUpdater:3562 - Updater definition file requires update
2023-09-14 09:10:06,998 [INFO] MainUpdater:285 - Updater Check For Update Now.
2023-09-14 09:10:06,998 [INFO] MicroXplorer:498 - Change Database Version : DB.6.0.91
2023-09-14 09:10:07,014 [INFO] McuFinderGlobals:63 - Set McuFinder mode to 2 (CubeIDE integrated)
2023-09-14 09:10:07,014 [INFO] UserAuth:179 - activating auth plugin
2023-09-14 09:10:07,014 [INFO] UserAuth:393 - Internet connection configuration mode: 1
2023-09-14 09:10:07,030 [INFO] ServerAccessManage:473 - Download File updaters.zip
2023-09-14 09:10:07,046 [INFO] JxBrowserEngine:151 - Initiate JxBrowser Engine with user profile folder
2023-09-14 09:10:07,158 [INFO] FileExtend:240 - Unzip File : updaters.zip
2023-09-14 09:10:07,158 [INFO] FileExtend:255 - Standard Zip Deflate
2023-09-14 09:10:07,558 [INFO] ServerAccessManage:473 - Download File PacksControlFlags.xml
2023-09-14 09:10:07,718 [INFO] ServerAccessManage:473 - Download File cubemx.pidx
2023-09-14 09:10:07,894 [INFO] ServerAccessManage:473 - Download File STMicroelectronics.FP-ATR-ASTRA1.pdsc
2023-09-14 09:10:07,966 [INFO] ServerAccessManage:473 - Download File STMicroelectronics.FP-ATR-SIGFOX1.pdsc
2023-09-14 09:10:08,054 [INFO] ServerAccessManage:473 - Download File STMicroelectronics.FP-SNS-FLIGHT1.pdsc
2023-09-14 09:10:08,134 [INFO] ServerAccessManage:473 - Download File STMicroelectronics.FP-SNS-MOTENV1.pdsc
2023-09-14 09:10:08,206 [INFO] ServerAccessManage:473 - Download File STMicroelectronics.FP-SNS-SMARTAG2.pdsc
2023-09-14 09:10:08,262 [INFO] ServerAccessManage:473 - Download File STMicroelectronics.X-CUBE-AI.pdsc
2023-09-14 09:10:08,398 [WARN] MainUpdater:1189 - Updater busy. Cannot search thirdparties
2023-09-14 09:10:08,398 [INFO] ThirdPartyUpdaterWithRetryManager:96 - Updater plugin is busy. [1/15]
2023-09-14 09:10:08,470 [INFO] ServerAccessManage:473 - Download File STMicroelectronics.X-CUBE-ALS.pdsc
2023-09-14 09:10:08,510 [INFO] ServerAccessManage:473 - Download File STMicroelectronics.X-CUBE-BLE1.pdsc
2023-09-14 09:10:08,846 [ERROR] ServerAccessManage:1089 - Problem, file not found on Server
2023-09-14 09:10:08,862 [INFO] ServerAccessManage:473 - Download File STMicroelectronics.X-CUBE-BLE2.pdsc
2023-09-14 09:10:08,998 [INFO] ServerAccessManage:473 - Download File STMicroelectronics.X-CUBE-BLEMGR.pdsc
2023-09-14 09:10:09,134 [INFO] ServerAccessManage:473 - Download File STMicroelectronics.X-CUBE-DISPLAY.pdsc
2023-09-14 09:10:09,246 [INFO] ServerAccessManage:473 - Download File STMicroelectronics.X-CUBE-EEPRMA1.pdsc
2023-09-14 09:10:09,302 [ERROR] ServerAccessManage:1089 - Problem, file not found on Server
2023-09-14 09:10:09,350 [INFO] ServerAccessManage:473 - Download File STMicroelectronics.X-CUBE-FREERTOS.pdsc
2023-09-14 09:10:09,446 [INFO] ServerAccessManage:473 - Download File STMicroelectronics.X-CUBE-GNSS1.pdsc
2023-09-14 09:10:09,630 [ERROR] ServerAccessManage:1089 - Problem, file not found on Server
2023-09-14 09:10:09,686 [ERROR] ServerAccessManage:1089 - Problem, file not found on Server
2023-09-14 09:10:09,718 [ERROR] ServerAccessManage:1089 - Problem, file not found on Server
2023-09-14 09:10:09,742 [ERROR] ServerAccessManage:1089 - Problem, file not found on Server
2023-09-14 09:10:09,774 [ERROR] ServerAccessManage:1089 - Problem, file not found on Server
2023-09-14 09:10:09,822 [ERROR] ServerAccessManage:1089 - Problem, file not found on Server
2023-09-14 09:10:09,830 [INFO] ServerAccessManage:473 - Download File STMicroelectronics.X-CUBE-ISPU.pdsc
2023-09-14 09:10:09,990 [INFO] ServerAccessManage:473 - Download File STMicroelectronics.X-CUBE-MEMS1.pdsc
2023-09-14 09:10:10,358 [INFO] ServerAccessManage:473 - Download File STMicroelectronics.X-CUBE-NFC4.pdsc
2023-09-14 09:10:10,518 [INFO] ServerAccessManage:473 - Download File STMicroelectronics.X-CUBE-NFC6.pdsc
2023-09-14 09:10:10,566 [INFO] ServerAccessManage:473 - Download File STMicroelectronics.X-CUBE-NFC7.pdsc
2023-09-14 09:10:10,614 [INFO] ServerAccessManage:473 - Download File STMicroelectronics.X-CUBE-SFXS2LP1.pdsc
2023-09-14 09:10:10,694 [INFO] ServerAccessManage:473 - Download File STMicroelectronics.X-CUBE-SUBG2.pdsc
2023-09-14 09:10:10,806 [INFO] ServerAccessManage:473 - Download File STMicroelectronics.X-CUBE-SMBUS.pdsc
2023-09-14 09:10:10,870 [ERROR] ServerAccessManage:1089 - Problem, file not found on Server
2023-09-14 09:10:10,894 [INFO] ServerAccessManage:473 - Download File STMicroelectronics.X-CUBE-TOF1.pdsc
2023-09-14 09:10:11,006 [ERROR] ServerAccessManage:1089 - Problem, file not found on Server
2023-09-14 09:10:11,022 [INFO] ServerAccessManage:473 - Download File STMicroelectronics.X-CUBE-TOUCHGFX.pdsc
2023-09-14 09:10:11,229 [INFO] ServerAccessManage:473 - Download File STMicroelectronics.X-CUBE-ALGOBUILD.pdsc
2023-09-14 09:10:11,357 [INFO] ServerAccessManage:473 - Download File STMicroelectronics.X-CUBE-AZRTOS-H7.pdsc
2023-09-14 09:10:11,413 [WARN] MainUpdater:1189 - Updater busy. Cannot search thirdparties
2023-09-14 09:10:11,413 [INFO] ThirdPartyUpdaterWithRetryManager:96 - Updater plugin is busy. [2/15]
2023-09-14 09:10:11,512 [INFO] ServerAccessManage:473 - Download File STMicroelectronics.X-CUBE-AZRTOS-F4.pdsc
2023-09-14 09:10:11,587 [INFO] ServerAccessManage:473 - Download File STMicroelectronics.X-CUBE-AZRTOS-F7.pdsc
2023-09-14 09:10:11,688 [INFO] ServerAccessManage:473 - Download File STMicroelectronics.X-CUBE-AZRTOS-L4.pdsc
2023-09-14 09:10:11,767 [INFO] ServerAccessManage:473 - Download File STMicroelectronics.X-CUBE-AZRTOS-L5.pdsc
2023-09-14 09:10:11,865 [INFO] ServerAccessManage:473 - Download File STMicroelectronics.X-CUBE-AZRTOS-G0.pdsc
2023-09-14 09:10:11,947 [INFO] ServerAccessManage:473 - Download File STMicroelectronics.X-CUBE-AZRTOS-G4.pdsc
2023-09-14 09:10:12,023 [INFO] ServerAccessManage:473 - Download File STMicroelectronics.X-CUBE-AZRTOS-WB.pdsc
2023-09-14 09:10:12,119 [INFO] ServerAccessManage:473 - Download File STMicroelectronics.X-CUBE-AZRTOS-WL.pdsc
2023-09-14 09:10:12,151 [INFO] WebApp:157 - Instantiating new browser for Auth
2023-09-14 09:10:12,347 [INFO] ServerAccessManage:473 - Download File wolfSSL.I-CUBE-wolfSSL.pdsc
2023-09-14 09:10:12,717 [INFO] WebApp:753 - Register for checkConnection events
2023-09-14 09:10:12,717 [INFO] WebApp:390 - Apply proxy settings
2023-09-14 09:10:12,717 [INFO] WebApp:475 - Chromium requires no authentication
2023-09-14 09:10:12,726 [INFO] WebApp:418 - Direct internet connection detected
2023-09-14 09:10:12,884 [INFO] WebApp:188 - Starting web application
2023-09-14 09:10:12,884 [INFO] WebApp:520 - Web application path used C:\ST\STM32CubeIDE_1.13.1\STM32CubeIDE\plugins\com.st.stm32cube.common.mx_6.9.1.202307191849\db\plugins\mcufinder\reactClient1\index.html
2023-09-14 09:10:13,437 [ERROR] ServerAccessManage:1089 - Problem, file not found on Server
2023-09-14 09:10:13,665 [ERROR] ServerAccessManage:1089 - Problem, file not found on Server
2023-09-14 09:10:13,903 [ERROR] ServerAccessManage:1089 - Problem, file not found on Server
2023-09-14 09:10:13,975 [ERROR] ServerAccessManage:1096 - Problem, Http access forbiden
2023-09-14 09:10:13,976 [ERROR] ServerAccessManage:651 - Problem, Http access forbiden : RoweBots.I-CUBE-UNISONRTOS.pdsc.
2023-09-14 09:10:14,414 [WARN] MainUpdater:1189 - Updater busy. Cannot search thirdparties
2023-09-14 09:10:14,414 [INFO] ThirdPartyUpdaterWithRetryManager:96 - Updater plugin is busy. [3/15]
2023-09-14 09:10:14,438 [INFO] ServerAccessManage:473 - Download File SEGGER.I-CUBE-embOS.pdsc
2023-09-14 09:10:15,637 [INFO] ServerAccessManage:473 - Download File portGmbH.I-Cube-SoM-uGOAL.pdsc
2023-09-14 09:10:16,884 [ERROR] ServerAccessManage:1089 - Problem, file not found on Server
2023-09-14 09:10:16,988 [ERROR] ServerAccessManage:1089 - Problem, file not found on Server
2023-09-14 09:10:17,094 [ERROR] ServerAccessManage:1089 - Problem, file not found on Server
2023-09-14 09:10:17,416 [WARN] MainUpdater:1189 - Updater busy. Cannot search thirdparties
2023-09-14 09:10:17,416 [INFO] ThirdPartyUpdaterWithRetryManager:96 - Updater plugin is busy. [4/15]
2023-09-14 09:10:17,603 [INFO] ServerAccessManage:473 - Download File emotas.I-CUBE-CANOPEN.pdsc
2023-09-14 09:10:18,435 [INFO] ServerAccessManage:473 - Download File WES.I-CUBE-Cesium.pdsc
2023-09-14 09:10:19,706 [ERROR] ServerAccessManage:1089 - Problem, file not found on Server
2023-09-14 09:10:20,149 [ERROR] ServerAccessManage:1089 - Problem, file not found on Server
2023-09-14 09:10:20,242 [WARN] CheckServerUpdateThread:151 - Open CheckUpdateFile Fail
2023-09-14 09:10:20,271 [WARN] PackLoader:240 - Cannot read IP mode file for STMicroelectronics.FP-ATR-ASTRA1.2.0.0
2023-09-14 09:10:20,280 [WARN] PackLoader:240 - Cannot read IP mode file for STMicroelectronics.FP-ATR-SIGFOX1.3.2.0
2023-09-14 09:10:20,288 [WARN] PackLoader:240 - Cannot read IP mode file for STMicroelectronics.FP-SNS-FLIGHT1.5.0.2
2023-09-14 09:10:20,293 [WARN] PackLoader:240 - Cannot read IP mode file for STMicroelectronics.FP-SNS-MOTENV1.4.3.2
2023-09-14 09:10:20,303 [WARN] PackLoader:240 - Cannot read IP mode file for STMicroelectronics.FP-SNS-SMARTAG2.1.2.0
2023-09-14 09:10:20,309 [WARN] PackLoader:240 - Cannot read IP mode file for STMicroelectronics.X-CUBE-AI.8.1.0
2023-09-14 09:10:20,324 [WARN] PackLoader:240 - Cannot read IP mode file for STMicroelectronics.X-CUBE-ALS.1.0.1
2023-09-14 09:10:20,335 [WARN] PackLoader:240 - Cannot read IP mode file for STMicroelectronics.X-CUBE-BLE1.7.0.0
2023-09-14 09:10:20,340 [WARN] PackLoader:240 - Cannot read IP mode file for STMicroelectronics.X-CUBE-BLE2.3.3.0
2023-09-14 09:10:20,354 [WARN] PackLoader:240 - Cannot read IP mode file for STMicroelectronics.X-CUBE-BLEMGR.2.0.0
2023-09-14 09:10:20,366 [INFO] CheckServerUpdateThread:120 - End of CheckServer Thread
2023-09-14 09:10:20,374 [WARN] PackLoader:240 - Cannot read IP mode file for STMicroelectronics.X-CUBE-DISPLAY.3.0.0
2023-09-14 09:10:20,386 [WARN] PackLoader:240 - Cannot read IP mode file for STMicroelectronics.X-CUBE-EEPRMA1.4.1.0
2023-09-14 09:10:20,395 [WARN] PackLoader:240 - Cannot read IP mode file for STMicroelectronics.X-CUBE-FREERTOS.1.1.0
2023-09-14 09:10:20,402 [WARN] PackLoader:240 - Cannot read IP mode file for STMicroelectronics.X-CUBE-GNSS1.6.0.0
2023-09-14 09:10:20,407 [WARN] PackLoader:240 - Cannot read IP mode file for STMicroelectronics.X-CUBE-ISPU.1.1.0
2023-09-14 09:10:20,481 [WARN] PackLoader:240 - Cannot read IP mode file for STMicroelectronics.X-CUBE-MEMS1.9.6.0
2023-09-14 09:10:20,536 [WARN] PackLoader:240 - Cannot read IP mode file for STMicroelectronics.X-CUBE-SMBUS.2.1.0
2023-09-14 09:10:20,553 [WARN] PackLoader:240 - Cannot read IP mode file for STMicroelectronics.X-CUBE-AZRTOS-F7.1.1.0
2023-09-14 09:10:20,563 [WARN] PackLoader:240 - Cannot read IP mode file for STMicroelectronics.FP-SNS-MOTENV1.4.3.2
2023-09-14 09:10:20,570 [WARN] PackLoader:240 - Cannot read IP mode file for STMicroelectronics.FP-SNS-FLIGHT1.5.0.2
2023-09-14 09:10:20,575 [WARN] PackLoader:240 - Cannot read IP mode file for STMicroelectronics.X-CUBE-DISPLAY.3.0.0
2023-09-14 09:10:20,588 [WARN] PackLoader:240 - Cannot read IP mode file for STMicroelectronics.X-CUBE-BLE1.7.0.0
2023-09-14 09:10:20,592 [WARN] PackLoader:240 - Cannot read IP mode file for emotas.I-CUBE-CANOPEN.1.3.0
2023-09-14 09:10:20,597 [WARN] PackLoader:240 - Cannot read IP mode file for STMicroelectronics.X-CUBE-TOUCHGFX.4.22.0
2023-09-14 09:10:20,600 [WARN] PackLoader:240 - Cannot read IP mode file for STMicroelectronics.FP-SNS-SMARTAG2.1.2.0
2023-09-14 09:10:20,611 [INFO] LogOutputStream:77 - [STDOUT_REDIRECT] 1 : Invalid condition id : UX_CORESTACK_Condition cause : null
2023-09-14 09:10:20,611 [INFO] LogOutputStream:77 - [STDOUT_REDIRECT] 1 : Invalid condition id : UX_CORESTACK_Condition cause : null
2023-09-14 09:10:20,613 [INFO] LogOutputStream:77 - [STDOUT_REDIRECT] 1 : Invalid condition id : UX_CORESTACK_Condition cause : null
2023-09-14 09:10:20,614 [INFO] LogOutputStream:77 - [STDOUT_REDIRECT] 1 : Invalid condition id : UX_CORESTACK_Condition cause : null
2023-09-14 09:10:20,615 [INFO] LogOutputStream:77 - [STDOUT_REDIRECT] 1 : Invalid condition id : UX_CORESTACK_Condition cause : null
2023-09-14 09:10:20,620 [WARN] PackLoader:240 - Cannot read IP mode file for STMicroelectronics.X-CUBE-AZRTOS-WL.2.0.0
2023-09-14 09:10:20,630 [WARN] PackLoader:240 - Cannot read IP mode file for WES.I-CUBE-Cesium.1.3.0
2023-09-14 09:10:20,635 [WARN] PackLoader:240 - Cannot read IP mode file for STMicroelectronics.X-CUBE-BLE2.3.3.0
2023-09-14 09:10:20,642 [WARN] PackLoader:240 - Cannot read IP mode file for STMicroelectronics.X-CUBE-ALGOBUILD.1.3.0
2023-09-14 09:10:20,661 [WARN] PackLoader:240 - Cannot read IP mode file for STMicroelectronics.X-CUBE-AZRTOS-G0.1.1.0
2023-09-14 09:10:20,664 [WARN] PackLoader:240 - Cannot read IP mode file for STMicroelectronics.X-CUBE-NFC4.3.0.0
2023-09-14 09:10:20,667 [WARN] PackLoader:240 - Cannot read IP mode file for STMicroelectronics.X-CUBE-NFC4.3.0.0
2023-09-14 09:10:20,671 [WARN] PackLoader:240 - Cannot read IP mode file for STMicroelectronics.FP-ATR-SIGFOX1.3.2.0
2023-09-14 09:10:20,671 [WARN] PackLoader:240 - Cannot read IP mode file for STMicroelectronics.X-CUBE-NFC6.3.0.0
2023-09-14 09:10:20,678 [WARN] PackLoader:240 - Cannot read IP mode file for STMicroelectronics.X-CUBE-NFC7.1.0.1
2023-09-14 09:10:20,686 [WARN] PackLoader:240 - Cannot read IP mode file for STMicroelectronics.X-CUBE-SFXS2LP1.4.0.0
2023-09-14 09:10:20,707 [WARN] PackLoader:240 - Cannot read IP mode file for STMicroelectronics.X-CUBE-SUBG2.5.0.0
2023-09-14 09:10:20,716 [WARN] PackLoader:240 - Cannot read IP mode file for STMicroelectronics.X-CUBE-SMBUS.2.1.0
2023-09-14 09:10:20,720 [WARN] PackLoader:240 - Cannot read IP mode file for SEGGER.I-CUBE-embOS.1.3.1
2023-09-14 09:10:20,725 [WARN] PackLoader:240 - Cannot read IP mode file for STMicroelectronics.X-CUBE-TOF1.3.3.1
2023-09-14 09:10:20,740 [WARN] PackLoader:240 - Cannot read IP mode file for STMicroelectronics.X-CUBE-TOUCHGFX.4.22.0
2023-09-14 09:10:20,744 [WARN] PackLoader:240 - Cannot read IP mode file for STMicroelectronics.X-CUBE-ALGOBUILD.1.3.0
2023-09-14 09:10:20,768 [WARN] ConditionMgr:438 - getConditionDescription Invalid condition id : UX DEVICE CLASS RTOS Condition cause : null
2023-09-14 09:10:20,769 [WARN] ConditionMgr:438 - getConditionDescription Invalid condition id : UX DEVICE CLASS RTOS Condition cause : null
2023-09-14 09:10:20,773 [WARN] PackLoader:240 - Cannot read IP mode file for STMicroelectronics.X-CUBE-GNSS1.6.0.0
2023-09-14 09:10:20,774 [WARN] PackLoader:240 - Cannot read IP mode file for STMicroelectronics.X-CUBE-AZRTOS-H7.3.1.0
2023-09-14 09:10:20,776 [WARN] ConditionMgr:1039 - genDependencies : Invalid condition id : UX DEVICE CLASS RTOS Condition cause : null
2023-09-14 09:10:20,776 [WARN] ConditionMgr:1039 - genDependencies : Invalid condition id : UX DEVICE CLASS RTOS Condition cause : null
2023-09-14 09:10:20,777 [WARN] ConditionMgr:1039 - genDependencies : Invalid condition id : UX DEVICE CLASS RTOS Condition cause : null
2023-09-14 09:10:20,778 [WARN] ConditionMgr:1039 - genDependencies : Invalid condition id : UX DEVICE CLASS RTOS Condition cause : null
2023-09-14 09:10:20,778 [WARN] ConditionMgr:1039 - genDependencies : Invalid condition id : UX DEVICE CLASS RTOS Condition cause : null
2023-09-14 09:10:20,790 [WARN] PackLoader:240 - Cannot read IP mode file for STMicroelectronics.X-CUBE-AZRTOS-F4.1.1.0
2023-09-14 09:10:20,795 [WARN] PackLoader:240 - Cannot read IP mode file for STMicroelectronics.X-CUBE-AZRTOS-F4.1.1.0
2023-09-14 09:10:20,798 [WARN] PackLoader:240 - Cannot read IP mode file for wolfSSL.I-CUBE-wolfSSL.5.6.3
2023-09-14 09:10:20,817 [WARN] PackLoader:240 - Cannot read IP mode file for STMicroelectronics.X-CUBE-AZRTOS-F7.1.1.0
2023-09-14 09:10:20,817 [WARN] PackLoader:240 - Cannot read IP mode file for STMicroelectronics.X-CUBE-AZRTOS-L5.2.0.0
2023-09-14 09:10:20,846 [WARN] ConditionMgr:438 - getConditionDescription Invalid condition id : LAN8742 Phy interface Condition cause : null
2023-09-14 09:10:20,847 [WARN] PackLoader:240 - Cannot read IP mode file for STMicroelectronics.X-CUBE-AZRTOS-L4.2.0.0
2023-09-14 09:10:20,849 [WARN] ConditionMgr:1039 - genDependencies : Invalid condition id : LAN8742 Phy interface Condition cause : null
2023-09-14 09:10:20,849 [WARN] ConditionMgr:1039 - genDependencies : Invalid condition id : LAN8742 Phy interface Condition cause : null
2023-09-14 09:10:20,850 [WARN] ConditionMgr:1039 - genDependencies : Invalid condition id : LAN8742 Phy interface Condition cause : null
2023-09-14 09:10:20,865 [WARN] PackLoader:240 - Cannot read IP mode file for STMicroelectronics.X-CUBE-MEMS1.9.6.0
2023-09-14 09:10:20,866 [WARN] PackLoader:240 - Cannot read IP mode file for STMicroelectronics.X-CUBE-AZRTOS-L5.2.0.0
2023-09-14 09:10:20,886 [WARN] PackLoader:240 - Cannot read IP mode file for STMicroelectronics.X-CUBE-AZRTOS-G0.1.1.0
2023-09-14 09:10:20,902 [WARN] PackLoader:240 - Cannot read IP mode file for STMicroelectronics.X-CUBE-AZRTOS-G4.2.0.0
2023-09-14 09:10:20,917 [WARN] ConditionMgr:438 - getConditionDescription Invalid condition id : UX DEVICE CLASS RTOS Condition cause : null
2023-09-14 09:10:20,917 [WARN] ConditionMgr:438 - getConditionDescription Invalid condition id : UX DEVICE CLASS RTOS Condition cause : null
2023-09-14 09:10:20,919 [WARN] PackLoader:240 - Cannot read IP mode file for STMicroelectronics.X-CUBE-AZRTOS-WB.2.0.0
2023-09-14 09:10:20,920 [WARN] ConditionMgr:1039 - genDependencies : Invalid condition id : UX DEVICE CLASS RTOS Condition cause : null
2023-09-14 09:10:20,920 [WARN] ConditionMgr:1039 - genDependencies : Invalid condition id : UX DEVICE CLASS RTOS Condition cause : null
2023-09-14 09:10:20,920 [WARN] ConditionMgr:1039 - genDependencies : Invalid condition id : UX DEVICE CLASS RTOS Condition cause : null
2023-09-14 09:10:20,921 [WARN] ConditionMgr:1039 - genDependencies : Invalid condition id : UX DEVICE CLASS RTOS Condition cause : null
2023-09-14 09:10:20,921 [WARN] ConditionMgr:1039 - genDependencies : Invalid condition id : UX DEVICE CLASS RTOS Condition cause : null
2023-09-14 09:10:20,931 [INFO] LogOutputStream:77 - [STDOUT_REDIRECT] 1 : Invalid condition id : UX_CORESTACK_Condition cause : null
2023-09-14 09:10:20,932 [INFO] LogOutputStream:77 - [STDOUT_REDIRECT] 1 : Invalid condition id : UX_CORESTACK_Condition cause : null
2023-09-14 09:10:20,934 [INFO] LogOutputStream:77 - [STDOUT_REDIRECT] 1 : Invalid condition id : UX_CORESTACK_Condition cause : null
2023-09-14 09:10:20,935 [INFO] LogOutputStream:77 - [STDOUT_REDIRECT] 1 : Invalid condition id : UX_CORESTACK_Condition cause : null
2023-09-14 09:10:20,936 [INFO] LogOutputStream:77 - [STDOUT_REDIRECT] 1 : Invalid condition id : UX_CORESTACK_Condition cause : null
2023-09-14 09:10:20,938 [WARN] PackLoader:240 - Cannot read IP mode file for STMicroelectronics.X-CUBE-AZRTOS-WL.2.0.0
2023-09-14 09:10:20,941 [WARN] PackLoader:240 - Cannot read IP mode file for wolfSSL.I-CUBE-wolfSSL.5.6.3
2023-09-14 09:10:20,969 [WARN] PackLoader:240 - Cannot read IP mode file for SEGGER.I-CUBE-embOS.1.3.1
2023-09-14 09:10:21,015 [WARN] PackLoader:240 - Cannot read IP mode file for STMicroelectronics.X-CUBE-BLEMGR.2.0.0
2023-09-14 09:10:21,032 [WARN] PackLoader:240 - Cannot read IP mode file for portGmbH.I-Cube-SoM-uGOAL.1.1.0
2023-09-14 09:10:21,034 [WARN] ConditionMgr:438 - getConditionDescription Invalid condition id : UX DEVICE CLASS RTOS Condition cause : null
2023-09-14 09:10:21,034 [WARN] ConditionMgr:438 - getConditionDescription Invalid condition id : UX DEVICE CLASS RTOS Condition cause : null
2023-09-14 09:10:21,036 [WARN] PackLoader:240 - Cannot read IP mode file for emotas.I-CUBE-CANOPEN.1.3.0
2023-09-14 09:10:21,038 [WARN] PackLoader:240 - Cannot read IP mode file for STMicroelectronics.X-CUBE-AZRTOS-H7.3.1.0
2023-09-14 09:10:21,039 [WARN] ConditionMgr:1039 - genDependencies : Invalid condition id : UX DEVICE CLASS RTOS Condition cause : null
2023-09-14 09:10:21,039 [WARN] ConditionMgr:1039 - genDependencies : Invalid condition id : UX DEVICE CLASS RTOS Condition cause : null
2023-09-14 09:10:21,040 [WARN] ConditionMgr:1039 - genDependencies : Invalid condition id : UX DEVICE CLASS RTOS Condition cause : null
2023-09-14 09:10:21,040 [WARN] ConditionMgr:1039 - genDependencies : Invalid condition id : UX DEVICE CLASS RTOS Condition cause : null
2023-09-14 09:10:21,040 [WARN] ConditionMgr:1039 - genDependencies : Invalid condition id : UX DEVICE CLASS RTOS Condition cause : null
2023-09-14 09:10:21,041 [WARN] PackLoader:240 - Cannot read IP mode file for WES.I-CUBE-Cesium.1.3.0
2023-09-14 09:10:21,041 [INFO] PopulateThirdPartyThread:66 - Ending populate Thread
2023-09-14 09:10:21,045 [INFO] ThirdParty:1030 - CMSIS Pack Vendor :STMicroelectronics X-CUBE-ISPU 1.1.0
2023-09-14 09:10:21,045 [INFO] ThirdParty:1030 - CMSIS Pack Vendor :STMicroelectronics X-CUBE-DISPLAY 3.0.0
2023-09-14 09:10:21,045 [INFO] ThirdParty:1030 - CMSIS Pack Vendor :STMicroelectronics X-CUBE-GNSS1 6.0.0
2023-09-14 09:10:21,045 [INFO] ThirdParty:1030 - CMSIS Pack Vendor :STMicroelectronics X-CUBE-AZRTOS-F4 1.1.0
2023-09-14 09:10:21,045 [INFO] ThirdParty:1030 - CMSIS Pack Vendor :STMicroelectronics FP-ATR-SIGFOX1 3.2.0
2023-09-14 09:10:21,045 [INFO] ThirdParty:1030 - CMSIS Pack Vendor :STMicroelectronics X-CUBE-BLE1 7.0.0
2023-09-14 09:10:21,045 [INFO] ThirdParty:1030 - CMSIS Pack Vendor :wolfSSL I-CUBE-wolfSSL 5.6.3
2023-09-14 09:10:21,045 [INFO] ThirdParty:1030 - CMSIS Pack Vendor :STMicroelectronics X-CUBE-SMBUS 2.1.0
2023-09-14 09:10:21,045 [INFO] ThirdParty:1030 - CMSIS Pack Vendor :STMicroelectronics X-CUBE-AZRTOS-WB 2.0.0
2023-09-14 09:10:21,045 [INFO] ThirdParty:1030 - CMSIS Pack Vendor :emotas I-CUBE-CANOPEN 1.3.0
2023-09-14 09:10:21,045 [INFO] ThirdParty:1030 - CMSIS Pack Vendor :STMicroelectronics X-CUBE-FREERTOS 1.1.0
2023-09-14 09:10:21,045 [INFO] ThirdParty:1030 - CMSIS Pack Vendor :STMicroelectronics X-CUBE-NFC7 1.0.1
2023-09-14 09:10:21,046 [INFO] ThirdParty:1030 - CMSIS Pack Vendor :STMicroelectronics X-CUBE-TOUCHGFX 4.22.0
2023-09-14 09:10:21,046 [INFO] ThirdParty:1030 - CMSIS Pack Vendor :STMicroelectronics X-CUBE-AZRTOS-F7 1.1.0
2023-09-14 09:10:21,046 [INFO] ThirdParty:1030 - CMSIS Pack Vendor :STMicroelectronics X-CUBE-AZRTOS-L5 2.0.0
2023-09-14 09:10:21,046 [INFO] ThirdParty:1030 - CMSIS Pack Vendor :STMicroelectronics X-CUBE-NFC6 3.0.0
2023-09-14 09:10:21,046 [INFO] ThirdParty:1030 - CMSIS Pack Vendor :STMicroelectronics X-CUBE-ALS 1.0.1
2023-09-14 09:10:21,046 [INFO] ThirdParty:1030 - CMSIS Pack Vendor :STMicroelectronics X-CUBE-EEPRMA1 4.1.0
2023-09-14 09:10:21,046 [INFO] ThirdParty:1030 - CMSIS Pack Vendor :portGmbH I-Cube-SoM-uGOAL 1.1.0
2023-09-14 09:10:21,046 [INFO] ThirdParty:1030 - CMSIS Pack Vendor :STMicroelectronics X-CUBE-MEMS1 9.6.0
2023-09-14 09:10:21,046 [WARN] PackLoader:240 - Cannot read IP mode file for STMicroelectronics.X-CUBE-NFC7.1.0.1
2023-09-14 09:10:21,046 [INFO] ThirdParty:1030 - CMSIS Pack Vendor :STMicroelectronics FP-SNS-SMARTAG2 1.2.0
2023-09-14 09:10:21,046 [INFO] ThirdParty:1030 - CMSIS Pack Vendor :STMicroelectronics FP-SNS-MOTENV1 4.3.2
2023-09-14 09:10:21,046 [INFO] ThirdParty:1030 - CMSIS Pack Vendor :STMicroelectronics X-CUBE-ALGOBUILD 1.3.0
2023-09-14 09:10:21,046 [INFO] ThirdParty:1030 - CMSIS Pack Vendor :STMicroelectronics X-CUBE-AZRTOS-WL 2.0.0
2023-09-14 09:10:21,046 [INFO] ThirdParty:1030 - CMSIS Pack Vendor :SEGGER I-CUBE-embOS 1.3.1
2023-09-14 09:10:21,046 [INFO] ThirdParty:1030 - CMSIS Pack Vendor :STMicroelectronics X-CUBE-AZRTOS-G0 1.1.0
2023-09-14 09:10:21,046 [INFO] ThirdParty:1030 - CMSIS Pack Vendor :STMicroelectronics X-CUBE-AI 8.1.0
2023-09-14 09:10:21,047 [INFO] ThirdParty:1030 - CMSIS Pack Vendor :STMicroelectronics X-CUBE-BLEMGR 2.0.0
2023-09-14 09:10:21,047 [INFO] ThirdParty:1030 - CMSIS Pack Vendor :STMicroelectronics X-CUBE-NFC4 3.0.0
2023-09-14 09:10:21,047 [INFO] ThirdParty:1030 - CMSIS Pack Vendor :STMicroelectronics X-CUBE-SUBG2 5.0.0
2023-09-14 09:10:21,047 [INFO] ThirdParty:1030 - CMSIS Pack Vendor :STMicroelectronics X-CUBE-AZRTOS-L4 2.0.0
2023-09-14 09:10:21,047 [INFO] ThirdParty:1030 - CMSIS Pack Vendor :STMicroelectronics FP-ATR-ASTRA1 2.0.0
2023-09-14 09:10:21,047 [INFO] ThirdParty:1030 - CMSIS Pack Vendor :WES I-CUBE-Cesium 1.3.0
2023-09-14 09:10:21,047 [INFO] ThirdParty:1030 - CMSIS Pack Vendor :STMicroelectronics X-CUBE-SFXS2LP1 4.0.0
2023-09-14 09:10:21,047 [INFO] ThirdParty:1030 - CMSIS Pack Vendor :STMicroelectronics FP-SNS-FLIGHT1 5.0.2
2023-09-14 09:10:21,047 [INFO] ThirdParty:1030 - CMSIS Pack Vendor :STMicroelectronics X-CUBE-BLE2 3.3.0
2023-09-14 09:10:21,047 [INFO] ThirdParty:1030 - CMSIS Pack Vendor :STMicroelectronics X-CUBE-TOF1 3.3.1
2023-09-14 09:10:21,047 [INFO] ThirdParty:1030 - CMSIS Pack Vendor :STMicroelectronics X-CUBE-AZRTOS-G4 2.0.0
2023-09-14 09:10:21,047 [INFO] ThirdParty:1030 - CMSIS Pack Vendor :STMicroelectronics X-CUBE-AZRTOS-H7 3.1.0
2023-09-14 09:10:21,048 [INFO] LoadServerUpdatesThread:373 - End of LoadServerUpdate Thread
2023-09-14 09:10:21,053 [WARN] PackLoader:240 - Cannot read IP mode file for STMicroelectronics.X-CUBE-NFC6.3.0.0
2023-09-14 09:10:21,062 [WARN] PackLoader:240 - Cannot read IP mode file for STMicroelectronics.X-CUBE-EEPRMA1.4.1.0
2023-09-14 09:10:21,068 [WARN] PackLoader:240 - Cannot read IP mode file for STMicroelectronics.X-CUBE-AI.8.1.0
2023-09-14 09:10:21,087 [WARN] ConditionMgr:438 - getConditionDescription Invalid condition id : LAN8742 Phy interface Condition cause : null
2023-09-14 09:10:21,088 [WARN] PackLoader:240 - Cannot read IP mode file for STMicroelectronics.X-CUBE-AZRTOS-L4.2.0.0
2023-09-14 09:10:21,089 [WARN] ConditionMgr:1039 - genDependencies : Invalid condition id : LAN8742 Phy interface Condition cause : null
2023-09-14 09:10:21,089 [WARN] ConditionMgr:1039 - genDependencies : Invalid condition id : LAN8742 Phy interface Condition cause : null
2023-09-14 09:10:21,092 [WARN] ConditionMgr:1039 - genDependencies : Invalid condition id : LAN8742 Phy interface Condition cause : null
2023-09-14 09:10:21,101 [WARN] PackLoader:240 - Cannot read IP mode file for STMicroelectronics.X-CUBE-SFXS2LP1.4.0.0
2023-09-14 09:10:21,110 [WARN] PackLoader:240 - Cannot read IP mode file for STMicroelectronics.X-CUBE-ISPU.1.1.0
2023-09-14 09:10:21,124 [WARN] ConditionMgr:438 - getConditionDescription Invalid condition id : UX DEVICE CLASS RTOS Condition cause : null
2023-09-14 09:10:21,125 [WARN] ConditionMgr:438 - getConditionDescription Invalid condition id : UX DEVICE CLASS RTOS Condition cause : null
2023-09-14 09:10:21,127 [WARN] PackLoader:240 - Cannot read IP mode file for STMicroelectronics.X-CUBE-AZRTOS-WB.2.0.0
2023-09-14 09:10:21,128 [WARN] ConditionMgr:1039 - genDependencies : Invalid condition id : UX DEVICE CLASS RTOS Condition cause : null
2023-09-14 09:10:21,128 [WARN] ConditionMgr:1039 - genDependencies : Invalid condition id : UX DEVICE CLASS RTOS Condition cause : null
2023-09-14 09:10:21,128 [WARN] ConditionMgr:1039 - genDependencies : Invalid condition id : UX DEVICE CLASS RTOS Condition cause : null
2023-09-14 09:10:21,129 [WARN] ConditionMgr:1039 - genDependencies : Invalid condition id : UX DEVICE CLASS RTOS Condition cause : null
2023-09-14 09:10:21,129 [WARN] ConditionMgr:1039 - genDependencies : Invalid condition id : UX DEVICE CLASS RTOS Condition cause : null
2023-09-14 09:10:21,139 [WARN] PackLoader:240 - Cannot read IP mode file for STMicroelectronics.X-CUBE-SUBG2.5.0.0
2023-09-14 09:10:21,153 [WARN] PackLoader:240 - Cannot read IP mode file for STMicroelectronics.X-CUBE-TOF1.3.3.1
2023-09-14 09:10:21,172 [WARN] PackLoader:240 - Cannot read IP mode file for STMicroelectronics.X-CUBE-AZRTOS-G4.2.0.0
2023-09-14 09:10:21,178 [WARN] PackLoader:240 - Cannot read IP mode file for STMicroelectronics.X-CUBE-FREERTOS.1.1.0
2023-09-14 09:10:21,181 [WARN] PackLoader:240 - Cannot read IP mode file for portGmbH.I-Cube-SoM-uGOAL.1.1.0
2023-09-14 09:10:21,185 [WARN] PackLoader:240 - Cannot read IP mode file for STMicroelectronics.X-CUBE-ALS.1.0.1
2023-09-14 09:10:21,188 [WARN] PackLoader:240 - Cannot read IP mode file for STMicroelectronics.FP-ATR-ASTRA1.2.0.0
2023-09-14 09:10:21,189 [INFO] ThirdParty:978 - Integrity check success = true
2023-09-14 09:10:21,189 [INFO] IntegrityCheckThread:100 - exiting critical section [integrity check]
2023-09-14 09:10:21,189 [INFO] IntegrityCheckThread:103 - End integrity checks thread
2023-09-14 09:10:33,735 [ERROR] LogOutputStream:75 - [STDERR_REDIRECT] SLF4J: Failed to load class "org.slf4j.impl.StaticLoggerBinder".
2023-09-14 09:10:33,735 [ERROR] LogOutputStream:75 - [STDERR_REDIRECT] SLF4J: Defaulting to no-operation (NOP) logger implementation
2023-09-14 09:10:33,736 [ERROR] LogOutputStream:75 - [STDERR_REDIRECT] SLF4J: See http://www.slf4j.org/codes.html#StaticLoggerBinder for further details.
2023-09-14 09:10:36,450 [INFO] LogOutputStream:77 - [STDOUT_REDIRECT] Unexpected error loading extension: org.eclipse.equinox.p2.metadata.repository.simpleRepository
2023-09-14 09:10:36,453 [ERROR] LogOutputStream:75 - [STDERR_REDIRECT] java.lang.IllegalStateException: Attempt to access stopped agent: org.eclipse.equinox.internal.p2.core.ProvisioningAgent@2ca2a60a
2023-09-14 09:10:36,454 [ERROR] LogOutputStream:75 - [STDERR_REDIRECT] 	at org.eclipse.equinox.internal.p2.core.ProvisioningAgent.checkRunning(ProvisioningAgent.java:86)
2023-09-14 09:10:36,456 [ERROR] LogOutputStream:75 - [STDERR_REDIRECT] 	at org.eclipse.equinox.internal.p2.core.ProvisioningAgent.getService(ProvisioningAgent.java:50)
2023-09-14 09:10:36,457 [ERROR] LogOutputStream:75 - [STDERR_REDIRECT] 	at org.eclipse.equinox.p2.core.IProvisioningAgent.getService(IProvisioningAgent.java:86)
2023-09-14 09:10:36,459 [ERROR] LogOutputStream:75 - [STDERR_REDIRECT] 	at org.eclipse.equinox.internal.p2.metadata.repository.SimpleMetadataRepositoryFactory.getLocalFile(SimpleMetadataRepositoryFactory.java:66)
2023-09-14 09:10:36,463 [ERROR] LogOutputStream:75 - [STDERR_REDIRECT] 	at org.eclipse.equinox.internal.p2.metadata.repository.SimpleMetadataRepositoryFactory.load(SimpleMetadataRepositoryFactory.java:89)
2023-09-14 09:10:36,467 [ERROR] LogOutputStream:75 - [STDERR_REDIRECT] 	at org.eclipse.equinox.internal.p2.metadata.repository.MetadataRepositoryManager.factoryLoad(MetadataRepositoryManager.java:63)
2023-09-14 09:10:36,468 [ERROR] LogOutputStream:75 - [STDERR_REDIRECT] 	at org.eclipse.equinox.internal.p2.repository.helpers.AbstractRepositoryManager.loadRepository(AbstractRepositoryManager.java:787)
2023-09-14 09:10:36,471 [ERROR] LogOutputStream:75 - [STDERR_REDIRECT] 	at org.eclipse.equinox.internal.p2.repository.helpers.AbstractRepositoryManager.loadRepository(AbstractRepositoryManager.java:685)
2023-09-14 09:10:36,473 [ERROR] LogOutputStream:75 - [STDERR_REDIRECT] 	at org.eclipse.equinox.internal.p2.metadata.repository.MetadataRepositoryManager.loadRepository(MetadataRepositoryManager.java:110)
2023-09-14 09:10:36,474 [ERROR] LogOutputStream:75 - [STDERR_REDIRECT] 	at org.eclipse.equinox.internal.p2.metadata.repository.MetadataRepositoryManager.loadRepository(MetadataRepositoryManager.java:105)
2023-09-14 09:10:36,476 [ERROR] LogOutputStream:75 - [STDERR_REDIRECT] 	at org.eclipse.equinox.internal.p2.metadata.repository.CompositeMetadataRepository.addChild(CompositeMetadataRepository.java:171)
2023-09-14 09:10:36,478 [ERROR] LogOutputStream:75 - [STDERR_REDIRECT] 	at org.eclipse.equinox.internal.p2.metadata.repository.CompositeMetadataRepository.<init>(CompositeMetadataRepository.java:113)
2023-09-14 09:10:36,480 [ERROR] LogOutputStream:75 - [STDERR_REDIRECT] 	at org.eclipse.equinox.internal.p2.metadata.repository.CompositeMetadataRepositoryFactory.load(CompositeMetadataRepositoryFactory.java:124)
2023-09-14 09:10:36,482 [ERROR] LogOutputStream:75 - [STDERR_REDIRECT] 	at org.eclipse.equinox.internal.p2.metadata.repository.MetadataRepositoryManager.factoryLoad(MetadataRepositoryManager.java:63)
2023-09-14 09:10:36,485 [ERROR] LogOutputStream:75 - [STDERR_REDIRECT] 	at org.eclipse.equinox.internal.p2.repository.helpers.AbstractRepositoryManager.loadRepository(AbstractRepositoryManager.java:787)
2023-09-14 09:10:36,487 [ERROR] LogOutputStream:75 - [STDERR_REDIRECT] 	at org.eclipse.equinox.internal.p2.repository.helpers.AbstractRepositoryManager.loadRepository(AbstractRepositoryManager.java:685)
2023-09-14 09:10:36,490 [ERROR] LogOutputStream:75 - [STDERR_REDIRECT] 	at org.eclipse.equinox.internal.p2.metadata.repository.MetadataRepositoryManager.loadRepository(MetadataRepositoryManager.java:110)
2023-09-14 09:10:36,493 [ERROR] LogOutputStream:75 - [STDERR_REDIRECT] 	at org.eclipse.equinox.internal.p2.metadata.repository.MetadataRepositoryManager.loadRepository(MetadataRepositoryManager.java:105)
2023-09-14 09:10:36,496 [ERROR] LogOutputStream:75 - [STDERR_REDIRECT] 	at org.eclipse.equinox.internal.p2.updatechecker.UpdateChecker.getAvailableRepositories(UpdateChecker.java:152)
2023-09-14 09:10:36,498 [ERROR] LogOutputStream:75 - [STDERR_REDIRECT] 	at org.eclipse.equinox.internal.p2.updatechecker.UpdateChecker.checkForUpdates(UpdateChecker.java:130)
2023-09-14 09:10:36,500 [ERROR] LogOutputStream:75 - [STDERR_REDIRECT] 	at org.eclipse.equinox.internal.p2.updatechecker.UpdateChecker$UpdateCheckThread.run(UpdateChecker.java:78)
2023-09-14 09:12:42,649 [INFO] Activator:176 - 


2023-09-14 09:12:42,651 [INFO] Activator:177 - !SESSION log4j initialized
2023-09-14 09:12:45,156 [INFO] LogOutputStream:77 - [STDOUT_REDIRECT] 
2023-09-14 09:12:46,716 [INFO] ApplicationProperties:184 - Using Application install path: C:\ST\STM32CubeIDE_1.13.1\STM32CubeIDE\plugins\com.st.stm32cube.common.mx_6.9.1.202307191849
2023-09-14 09:12:46,751 [INFO] DbMcusXml:78 - Set database path to: C:\ST\STM32CubeIDE_1.13.1\STM32CubeIDE\plugins\com.st.stm32cube.common.mx_6.9.1.202307191849\\db\/mcu/
2023-09-14 09:12:46,752 [INFO] ApiDb:274 - Set plugin database path to: C:\ST\STM32CubeIDE_1.13.1\STM32CubeIDE\plugins\com.st.stm32cube.common.mx_6.9.1.202307191849\\db\/plugins/boardmanager/
2023-09-14 09:12:46,753 [WARN] ApiDb:259 - Overriding images path with different value:  => C:\ST\STM32CubeIDE_1.13.1\STM32CubeIDE\plugins\com.st.stm32cube.common.mx_6.9.1.202307191849\\db\/plugins/mcufinder/images/
2023-09-14 09:12:46,767 [INFO] ApiDb:250 - Set database path to: C:\Users\roozb\.stmcufinder\plugins\mcufinder//mcu/
2023-09-14 09:12:46,769 [INFO] DbMcusAds:125 - Set database path to: C:\Users\roozb\.stmcufinder\plugins\mcufinder//mcu/
2023-09-14 09:12:46,770 [INFO] CrossReferenceDbSqlite:203 - Set database path to: C:\Users\roozb\.stmcufinder\plugins\mcufinder//mcu/cs/
2023-09-14 09:12:46,901 [INFO] RulesReader:64 - Compatibility file has been processed (293 Rules)
2023-09-14 09:12:46,987 [INFO] DbMcusXml:78 - Set database path to: C:\ST\STM32CubeIDE_1.13.1\STM32CubeIDE\plugins\com.st.stm32cube.common.mx_6.9.1.202307191849\\db\/mcu/
2023-09-14 09:12:46,987 [INFO] ApiDb:274 - Set plugin database path to: C:\ST\STM32CubeIDE_1.13.1\STM32CubeIDE\plugins\com.st.stm32cube.common.mx_6.9.1.202307191849\\db\/plugins/boardmanager/
2023-09-14 09:12:46,988 [INFO] ApiDb:261 - Set plugin images path to: C:\ST\STM32CubeIDE_1.13.1\STM32CubeIDE\plugins\com.st.stm32cube.common.mx_6.9.1.202307191849\\db\/plugins/mcufinder/images/
2023-09-14 09:12:46,988 [WARN] DbFile:41 - Overriding database path with different value: C:\Users\roozb\.stmcufinder\plugins\mcufinder/ => C:\Users\roozb\.stmcufinder\plugins\mcufinder
2023-09-14 09:12:46,988 [INFO] ApiDb:250 - Set database path to: C:\Users\roozb\.stmcufinder\plugins\mcufinder//mcu/
2023-09-14 09:12:46,988 [WARN] DbFile:41 - Overriding database path with different value: C:\Users\roozb\.stmcufinder\plugins\mcufinder/ => C:\Users\roozb\.stmcufinder\plugins\mcufinder
2023-09-14 09:12:46,988 [INFO] DbMcusAds:125 - Set database path to: C:\Users\roozb\.stmcufinder\plugins\mcufinder//mcu/
2023-09-14 09:12:46,988 [WARN] DbFile:41 - Overriding database path with different value: C:\Users\roozb\.stmcufinder\plugins\mcufinder/ => C:\Users\roozb\.stmcufinder\plugins\mcufinder
2023-09-14 09:12:46,988 [WARN] DbFile:41 - Overriding database path with different value: C:\Users\roozb\.stmcufinder\plugins\mcufinder/ => C:\Users\roozb\.stmcufinder\plugins\mcufinder
2023-09-14 09:12:46,989 [INFO] CrossReferenceDbSqlite:203 - Set database path to: C:\Users\roozb\.stmcufinder\plugins\mcufinder//mcu/cs/
2023-09-14 09:12:47,049 [INFO] MainPanel:262 - HeapMemory: 268435456
2023-09-14 09:12:47,108 [INFO] DbMcusXml:78 - Set database path to: C:\ST\STM32CubeIDE_1.13.1\STM32CubeIDE\plugins\com.st.stm32cube.common.mx_6.9.1.202307191849\\db\/mcu/
2023-09-14 09:12:47,108 [INFO] ApiDb:274 - Set plugin database path to: C:\ST\STM32CubeIDE_1.13.1\STM32CubeIDE\plugins\com.st.stm32cube.common.mx_6.9.1.202307191849\\db\/plugins/boardmanager/
2023-09-14 09:12:47,108 [INFO] ApiDb:261 - Set plugin images path to: C:\ST\STM32CubeIDE_1.13.1\STM32CubeIDE\plugins\com.st.stm32cube.common.mx_6.9.1.202307191849\\db\/plugins/mcufinder/images/
2023-09-14 09:12:47,109 [WARN] DbFile:41 - Overriding database path with different value: C:\Users\roozb\.stmcufinder\plugins\mcufinder/ => C:\Users\roozb\.stmcufinder\plugins\mcufinder
2023-09-14 09:12:47,109 [INFO] ApiDb:250 - Set database path to: C:\Users\roozb\.stmcufinder\plugins\mcufinder//mcu/
2023-09-14 09:12:47,109 [WARN] DbFile:41 - Overriding database path with different value: C:\Users\roozb\.stmcufinder\plugins\mcufinder/ => C:\Users\roozb\.stmcufinder\plugins\mcufinder
2023-09-14 09:12:47,109 [INFO] DbMcusAds:125 - Set database path to: C:\Users\roozb\.stmcufinder\plugins\mcufinder//mcu/
2023-09-14 09:12:47,109 [WARN] DbFile:41 - Overriding database path with different value: C:\Users\roozb\.stmcufinder\plugins\mcufinder/ => C:\Users\roozb\.stmcufinder\plugins\mcufinder
2023-09-14 09:12:47,109 [WARN] DbFile:41 - Overriding database path with different value: C:\Users\roozb\.stmcufinder\plugins\mcufinder/ => C:\Users\roozb\.stmcufinder\plugins\mcufinder
2023-09-14 09:12:47,109 [INFO] CrossReferenceDbSqlite:203 - Set database path to: C:\Users\roozb\.stmcufinder\plugins\mcufinder//mcu/cs/
2023-09-14 09:12:47,121 [INFO] ApplicationProperties:184 - Using Application install path: C:\ST\STM32CubeIDE_1.13.1\STM32CubeIDE\plugins\com.st.stm32cube.common.mx_6.9.1.202307191849
2023-09-14 09:12:47,122 [INFO] PluginManage:196 - Search for loadable plugins [exclusion list=, ]
2023-09-14 09:12:47,123 [INFO] PluginManage:310 - Check plugin analytics
2023-09-14 09:12:47,273 [INFO] AnalyticsPlugin:253 - Accepted Software Licenses: 
2023-09-14 09:12:47,273 [INFO] AnalyticsPlugin:255 - Accepted CMSIS Pack Licenses: 
2023-09-14 09:12:47,273 [INFO] AnalyticsPlugin:257 - Accepted Firmware Licenses: 
2023-09-14 09:12:47,277 [INFO] PluginManage:359 - Loaded plugin analytics (category:tool,tabindex:-1)
2023-09-14 09:12:47,278 [INFO] PluginManage:310 - Check plugin cadmodel
2023-09-14 09:12:47,284 [INFO] CADModel:105 - Init CAD model plugin
2023-09-14 09:12:47,284 [INFO] PluginManage:359 - Loaded plugin cadmodel (category:power,tabindex:5)
2023-09-14 09:12:47,284 [INFO] PluginManage:310 - Check plugin clock
2023-09-14 09:12:47,291 [INFO] PluginManage:359 - Loaded plugin clock (category:base,tabindex:2)
2023-09-14 09:12:47,291 [INFO] PluginManage:310 - Check plugin ddr
2023-09-14 09:12:47,293 [INFO] PluginManage:359 - Loaded plugin ddr (category:tool,tabindex:6)
2023-09-14 09:12:47,293 [INFO] PluginManage:310 - Check plugin filemanager
2023-09-14 09:12:47,421 [INFO] PluginManage:359 - Loaded plugin filemanager (category:base,tabindex:10)
2023-09-14 09:12:47,421 [INFO] PluginManage:310 - Check plugin ipmanager
2023-09-14 09:12:47,429 [INFO] PluginManage:359 - Loaded plugin ipmanager (category:base,tabindex:5)
2023-09-14 09:12:47,429 [INFO] PluginManage:310 - Check plugin lpbam
2023-09-14 09:12:47,437 [INFO] PluginManage:359 - Loaded plugin lpbam (category:base,tabindex:0)
2023-09-14 09:12:47,437 [INFO] PluginManage:310 - Check plugin memorymap
2023-09-14 09:12:47,446 [INFO] PluginManage:359 - Loaded plugin memorymap (category:base,tabindex:4)
2023-09-14 09:12:47,446 [INFO] PluginManage:310 - Check plugin pinoutandconfiguration
2023-09-14 09:12:47,454 [INFO] PluginManage:359 - Loaded plugin pinoutandconfiguration (category:base,tabindex:1)
2023-09-14 09:12:47,454 [INFO] PluginManage:310 - Check plugin pinoutconfig
2023-09-14 09:12:47,526 [WARN] SupportedApi:132 - Cannot load RTOS API schema: s4s-elt-must-match.1: The content of 'definitions' must match (annotation?, (simpleType | complexType)?, (unique | key | keyref)*)). A problem was found starting at: attribute.
2023-09-14 09:12:47,676 [INFO] PluginManage:359 - Loaded plugin pinoutconfig (category:base,tabindex:0)
2023-09-14 09:12:47,676 [INFO] PluginManage:310 - Check plugin power
2023-09-14 09:12:47,683 [INFO] PluginManage:359 - Loaded plugin power (category:power,tabindex:4)
2023-09-14 09:12:47,683 [INFO] PluginManage:310 - Check plugin projectmanager
2023-09-14 09:12:47,696 [INFO] PluginManage:359 - Loaded plugin projectmanager (category:projectmanager,tabindex:3)
2023-09-14 09:12:47,697 [INFO] PluginManage:310 - Check plugin thirdparty
2023-09-14 09:12:47,790 [WARN] IntegrityCheckThread:84 - waiting for thirdparty lock release [integrity check]
2023-09-14 09:12:47,790 [INFO] PluginManage:359 - Loaded plugin thirdparty (category:base,tabindex:-1)
2023-09-14 09:12:47,790 [INFO] IntegrityCheckThread:86 - entering critical section [integrity check]
2023-09-14 09:12:47,790 [INFO] PluginManage:310 - Check plugin tools
2023-09-14 09:12:47,791 [INFO] ThirdPartyUpdaterWithRetryManager:70 - Updater plugin not ready yet. [1/15]
2023-09-14 09:12:47,794 [INFO] PluginManage:359 - Loaded plugin tools (category:base,tabindex:7)
2023-09-14 09:12:47,794 [INFO] PluginManage:310 - Check plugin tutovideos
2023-09-14 09:12:47,921 [INFO] PluginManage:359 - Loaded plugin tutovideos (category:base,tabindex:-1)
2023-09-14 09:12:47,921 [INFO] PluginManage:310 - Check plugin updater
2023-09-14 09:12:47,935 [INFO] PluginManage:359 - Loaded plugin updater (category:base,tabindex:12)
2023-09-14 09:12:47,936 [INFO] PluginManage:310 - Check plugin userauth
2023-09-14 09:12:47,940 [INFO] UserAuth:113 - Init User Auth plugin
2023-09-14 09:12:47,941 [INFO] PluginManage:359 - Loaded plugin userauth (category:base,tabindex:14)
2023-09-14 09:12:47,941 [INFO] PluginManage:283 - PluginManage : Loaded plugins [17]
2023-09-14 09:12:48,151 [INFO] PinOutPanel:1499 - setPackage(No Configuration,No Configuration)
2023-09-14 09:12:48,250 [INFO] CADModel:165 - CPN selected for project level
2023-09-14 09:12:48,250 [INFO] CADModel:114 - Register for checkConnection events
2023-09-14 09:12:48,271 [INFO] IPUIPlugin:80 - create IPUIPlugin
2023-09-14 09:12:48,271 [INFO] PluginManager:220 - loadIPPluginJar : add adc
2023-09-14 09:12:48,273 [INFO] IPUIPlugin:80 - create IPUIPlugin
2023-09-14 09:12:48,273 [INFO] PluginManager:220 - loadIPPluginJar : add aes
2023-09-14 09:12:48,275 [INFO] IPUIPlugin:80 - create IPUIPlugin
2023-09-14 09:12:48,275 [INFO] PluginManager:220 - loadIPPluginJar : add can
2023-09-14 09:12:48,276 [INFO] IPUIPlugin:80 - create IPUIPlugin
2023-09-14 09:12:48,276 [INFO] PluginManager:220 - loadIPPluginJar : add comp
2023-09-14 09:12:48,277 [INFO] IPUIPlugin:80 - create IPUIPlugin
2023-09-14 09:12:48,277 [INFO] PluginManager:220 - loadIPPluginJar : add cryp
2023-09-14 09:12:48,279 [INFO] IPUIPlugin:80 - create IPUIPlugin
2023-09-14 09:12:48,279 [INFO] PluginManager:220 - loadIPPluginJar : add dfsdm
2023-09-14 09:12:48,283 [INFO] IPUIPlugin:80 - create IPUIPlugin
2023-09-14 09:12:48,283 [INFO] PluginManager:220 - loadIPPluginJar : add dma
2023-09-14 09:12:48,285 [INFO] IPUIPlugin:80 - create IPUIPlugin
2023-09-14 09:12:48,285 [INFO] PluginManager:220 - loadIPPluginJar : add dma3
2023-09-14 09:12:48,287 [INFO] IPUIPlugin:80 - create IPUIPlugin
2023-09-14 09:12:48,287 [INFO] PluginManager:220 - loadIPPluginJar : add fatfs
2023-09-14 09:12:48,291 [INFO] IPUIPlugin:80 - create IPUIPlugin
2023-09-14 09:12:48,291 [INFO] PluginManager:220 - loadIPPluginJar : add fmc
2023-09-14 09:12:48,295 [INFO] IPUIPlugin:80 - create IPUIPlugin
2023-09-14 09:12:48,295 [INFO] PluginManager:220 - loadIPPluginJar : add freertos
2023-09-14 09:12:48,296 [INFO] IPUIPlugin:80 - create IPUIPlugin
2023-09-14 09:12:48,296 [INFO] PluginManager:220 - loadIPPluginJar : add genericplugin
2023-09-14 09:12:48,298 [INFO] IPUIPlugin:80 - create IPUIPlugin
2023-09-14 09:12:48,298 [INFO] PluginManager:220 - loadIPPluginJar : add gfxmmu
2023-09-14 09:12:48,302 [INFO] IPUIPlugin:80 - create IPUIPlugin
2023-09-14 09:12:48,302 [INFO] PluginManager:220 - loadIPPluginJar : add gic
2023-09-14 09:12:48,305 [INFO] IPUIPlugin:80 - create IPUIPlugin
2023-09-14 09:12:48,305 [INFO] PluginManager:220 - loadIPPluginJar : add gpio
2023-09-14 09:12:48,307 [INFO] IPUIPlugin:80 - create IPUIPlugin
2023-09-14 09:12:48,307 [INFO] PluginManager:220 - loadIPPluginJar : add gtzc
2023-09-14 09:12:48,309 [INFO] IPUIPlugin:80 - create IPUIPlugin
2023-09-14 09:12:48,309 [INFO] PluginManager:220 - loadIPPluginJar : add hash
2023-09-14 09:12:48,310 [INFO] IPUIPlugin:80 - create IPUIPlugin
2023-09-14 09:12:48,311 [INFO] PluginManager:220 - loadIPPluginJar : add i2c
2023-09-14 09:12:48,312 [INFO] IPUIPlugin:80 - create IPUIPlugin
2023-09-14 09:12:48,312 [INFO] PluginManager:220 - loadIPPluginJar : add i2s
2023-09-14 09:12:48,314 [INFO] IPUIPlugin:80 - create IPUIPlugin
2023-09-14 09:12:48,314 [INFO] PluginManager:220 - loadIPPluginJar : add i3c
2023-09-14 09:12:48,320 [INFO] IPUIPlugin:80 - create IPUIPlugin
2023-09-14 09:12:48,320 [INFO] PluginManager:220 - loadIPPluginJar : add ipddr
2023-09-14 09:12:48,326 [INFO] IPUIPlugin:80 - create IPUIPlugin
2023-09-14 09:12:48,326 [INFO] PluginManager:220 - loadIPPluginJar : add linkedlist
2023-09-14 09:12:48,328 [INFO] IPUIPlugin:80 - create IPUIPlugin
2023-09-14 09:12:48,328 [INFO] PluginManager:220 - loadIPPluginJar : add lorawan
2023-09-14 09:12:48,329 [INFO] IPUIPlugin:80 - create IPUIPlugin
2023-09-14 09:12:48,329 [INFO] PluginManager:220 - loadIPPluginJar : add ltdc
2023-09-14 09:12:48,336 [INFO] IPUIPlugin:80 - create IPUIPlugin
2023-09-14 09:12:48,336 [INFO] PluginManager:220 - loadIPPluginJar : add mdma
2023-09-14 09:12:48,338 [INFO] IPUIPlugin:80 - create IPUIPlugin
2023-09-14 09:12:48,338 [INFO] PluginManager:220 - loadIPPluginJar : add nvic
2023-09-14 09:12:48,340 [INFO] IPUIPlugin:80 - create IPUIPlugin
2023-09-14 09:12:48,340 [INFO] PluginManager:220 - loadIPPluginJar : add opamp
2023-09-14 09:12:48,344 [INFO] IPUIPlugin:80 - create IPUIPlugin
2023-09-14 09:12:48,344 [INFO] PluginManager:220 - loadIPPluginJar : add openamp
2023-09-14 09:12:48,346 [INFO] IPUIPlugin:80 - create IPUIPlugin
2023-09-14 09:12:48,346 [INFO] PluginManager:220 - loadIPPluginJar : add pdm2pcm
2023-09-14 09:12:48,353 [INFO] IPUIPlugin:80 - create IPUIPlugin
2023-09-14 09:12:48,359 [INFO] PluginManager:220 - loadIPPluginJar : add plateformsettings
2023-09-14 09:12:48,360 [INFO] IPUIPlugin:80 - create IPUIPlugin
2023-09-14 09:12:48,360 [INFO] PluginManager:220 - loadIPPluginJar : add quadspi
2023-09-14 09:12:48,362 [INFO] IPUIPlugin:80 - create IPUIPlugin
2023-09-14 09:12:48,362 [INFO] PluginManager:220 - loadIPPluginJar : add resmgrutility
2023-09-14 09:12:48,364 [INFO] IPUIPlugin:80 - create IPUIPlugin
2023-09-14 09:12:48,365 [INFO] PluginManager:220 - loadIPPluginJar : add sai
2023-09-14 09:12:48,366 [INFO] IPUIPlugin:80 - create IPUIPlugin
2023-09-14 09:12:48,366 [INFO] PluginManager:220 - loadIPPluginJar : add spi
2023-09-14 09:12:48,370 [INFO] IPUIPlugin:80 - create IPUIPlugin
2023-09-14 09:12:48,370 [INFO] PluginManager:220 - loadIPPluginJar : add stm32_wpan
2023-09-14 09:12:48,371 [INFO] IPUIPlugin:80 - create IPUIPlugin
2023-09-14 09:12:48,372 [INFO] PluginManager:220 - loadIPPluginJar : add tim
2023-09-14 09:12:48,374 [INFO] IPUIPlugin:80 - create IPUIPlugin
2023-09-14 09:12:48,374 [INFO] PluginManager:220 - loadIPPluginJar : add touchsensing
2023-09-14 09:12:48,375 [INFO] IPUIPlugin:80 - create IPUIPlugin
2023-09-14 09:12:48,375 [INFO] PluginManager:220 - loadIPPluginJar : add tracer_emb
2023-09-14 09:12:48,376 [INFO] IPUIPlugin:80 - create IPUIPlugin
2023-09-14 09:12:48,376 [INFO] PluginManager:220 - loadIPPluginJar : add ts
2023-09-14 09:12:48,377 [INFO] IPUIPlugin:80 - create IPUIPlugin
2023-09-14 09:12:48,377 [INFO] PluginManager:220 - loadIPPluginJar : add tsc
2023-09-14 09:12:48,378 [INFO] IPUIPlugin:80 - create IPUIPlugin
2023-09-14 09:12:48,379 [INFO] PluginManager:220 - loadIPPluginJar : add ucpd
2023-09-14 09:12:48,380 [INFO] IPUIPlugin:80 - create IPUIPlugin
2023-09-14 09:12:48,381 [INFO] PluginManager:220 - loadIPPluginJar : add usart
2023-09-14 09:12:48,384 [INFO] IPUIPlugin:80 - create IPUIPlugin
2023-09-14 09:12:48,384 [INFO] PluginManager:220 - loadIPPluginJar : add usbx
2023-09-14 09:12:48,495 [INFO] CADModel:165 - CPN selected for project level
2023-09-14 09:12:48,495 [INFO] CADModel:114 - Register for checkConnection events
2023-09-14 09:12:48,496 [FATAL] Updater:308 - Updater called before beeing initialized
2023-09-14 09:12:48,496 [ERROR] CADModel:125 - Updater not yet initialized, retry later 
2023-09-14 09:12:48,626 [INFO] CADModel:165 - CPN selected for project level
2023-09-14 09:12:48,626 [INFO] CADModel:114 - Register for checkConnection events
2023-09-14 09:12:48,626 [FATAL] Updater:308 - Updater called before beeing initialized
2023-09-14 09:12:48,626 [ERROR] CADModel:125 - Updater not yet initialized, retry later 
2023-09-14 09:12:48,629 [FATAL] Updater:308 - Updater called before beeing initialized
2023-09-14 09:12:48,733 [FATAL] Updater:308 - Updater called before beeing initialized
2023-09-14 09:12:48,744 [INFO] DbMcusAds:53 - JSON generation date=Thu Sep 30 02:55:09 EDT 2021 (1632984909247)
2023-09-14 09:12:48,744 [FATAL] Updater:308 - Updater called before beeing initialized
2023-09-14 09:12:48,776 [WARN] DetailPanel:346 - Failed to get advertising image, set to default
2023-09-14 09:12:48,856 [FATAL] Updater:308 - Updater called before beeing initialized
2023-09-14 09:12:48,859 [FATAL] Updater:308 - Updater called before beeing initialized
2023-09-14 09:12:48,860 [FATAL] Updater:308 - Updater called before beeing initialized
2023-09-14 09:12:48,860 [WARN] DetailPanel:346 - Failed to get advertising image, set to default
2023-09-14 09:12:48,860 [FATAL] Updater:308 - Updater called before beeing initialized
2023-09-14 09:12:48,908 [ERROR] Updater:1120 - MainUpdater not yet initialized. External WinMGr cannot be set.
2023-09-14 09:12:48,917 [INFO] Updater:1056 - Updater Version found : 6.9.1
2023-09-14 09:12:48,927 [INFO] McuFinderGlobals:63 - Set McuFinder mode to 2 (CubeIDE integrated)
2023-09-14 09:12:48,943 [INFO] ApplicationProperties:184 - Using Application install path: C:\ST\STM32CubeIDE_1.13.1\STM32CubeIDE\plugins\com.st.stm32cube.common.mx_6.9.1.202307191849
2023-09-14 09:12:49,079 [INFO] MainUpdater:2868 - connection check result : 10
2023-09-14 09:12:49,080 [INFO] MainUpdater:285 - Updater Check For Update Now.
2023-09-14 09:12:49,080 [INFO] MicroXplorer:498 - Change Database Version : DB.6.0.91
2023-09-14 09:12:49,086 [INFO] McuFinderGlobals:63 - Set McuFinder mode to 2 (CubeIDE integrated)
2023-09-14 09:12:49,087 [INFO] UserAuth:179 - activating auth plugin
2023-09-14 09:12:49,089 [INFO] UserAuth:393 - Internet connection configuration mode: 1
2023-09-14 09:12:49,111 [INFO] JxBrowserEngine:151 - Initiate JxBrowser Engine with user profile folder
2023-09-14 09:12:49,251 [INFO] CheckServerUpdateThread:120 - End of CheckServer Thread
2023-09-14 09:12:49,307 [INFO] MainUpdater:2868 - connection check result : 10
2023-09-14 09:12:49,331 [INFO] McuFinderGlobals:76 - Set McuFinderConnectedMode to true
2023-09-14 09:12:49,689 [INFO] WebApp:157 - Instantiating new browser for Auth
2023-09-14 09:12:49,735 [INFO] ServerAccessManage:473 - Download File mcusAds.json._tmp_
2023-09-14 09:12:49,846 [INFO] LoadUrlFilesThread:156 - End of LoadUrlFiles Thread
2023-09-14 09:12:50,037 [INFO] ServerAccessManage:473 - Download File cube-finder-db.zip
2023-09-14 09:12:50,196 [INFO] WebApp:753 - Register for checkConnection events
2023-09-14 09:12:50,196 [INFO] WebApp:390 - Apply proxy settings
2023-09-14 09:12:50,197 [INFO] WebApp:475 - Chromium requires no authentication
2023-09-14 09:12:50,202 [INFO] WebApp:418 - Direct internet connection detected
2023-09-14 09:12:50,338 [INFO] WebApp:188 - Starting web application
2023-09-14 09:12:50,338 [INFO] WebApp:520 - Web application path used C:\ST\STM32CubeIDE_1.13.1\STM32CubeIDE\plugins\com.st.stm32cube.common.mx_6.9.1.202307191849\db\plugins\mcufinder\reactClient1\index.html
2023-09-14 09:12:50,793 [WARN] MainUpdater:1189 - Updater busy. Cannot search thirdparties
2023-09-14 09:12:50,793 [INFO] ThirdPartyUpdaterWithRetryManager:96 - Updater plugin is busy. [1/15]
2023-09-14 09:12:52,904 [INFO] FileExtend:240 - Unzip File : cube-finder-db.zip
2023-09-14 09:12:52,905 [INFO] FileExtend:255 - Standard Zip Deflate
2023-09-14 09:12:53,467 [INFO] LoadUrlFilesThread:156 - End of LoadUrlFiles Thread
2023-09-14 09:12:53,794 [WARN] MainUpdater:1189 - Updater busy. Cannot search thirdparties
2023-09-14 09:12:53,794 [INFO] ThirdPartyUpdaterWithRetryManager:96 - Updater plugin is busy. [2/15]
2023-09-14 09:12:54,119 [INFO] ServerAccessManage:473 - Download File crdb.zip
2023-09-14 09:12:54,906 [INFO] FileExtend:240 - Unzip File : crdb.zip
2023-09-14 09:12:54,907 [INFO] FileExtend:255 - Standard Zip Deflate
2023-09-14 09:12:55,043 [INFO] LoadUrlFilesThread:156 - End of LoadUrlFiles Thread
2023-09-14 09:12:55,162 [INFO] ServerAccessManage:473 - Download File tutoVideoDB.zip
2023-09-14 09:12:55,170 [INFO] FileExtend:240 - Unzip File : tutoVideoDB.zip
2023-09-14 09:12:55,170 [INFO] FileExtend:255 - Standard Zip Deflate
2023-09-14 09:12:55,298 [INFO] LoadUrlFilesThread:156 - End of LoadUrlFiles Thread
2023-09-14 09:12:55,301 [WARN] DbFile:41 - Overriding database path with different value: C:\Users\roozb\.stmcufinder\plugins\mcufinder/ => C:\Users\roozb\.stmcufinder\plugins\mcufinder
2023-09-14 09:12:55,417 [INFO] ServerAccessManage:473 - Download File api_config.json
2023-09-14 09:12:55,536 [INFO] LoadUrlFilesThread:156 - End of LoadUrlFiles Thread
2023-09-14 09:12:55,537 [INFO] DbMcusAds:53 - JSON generation date=Tue Mar 07 03:50:55 EST 2023 (1678179055114)
2023-09-14 09:12:55,615 [INFO] ServerAccessManage:473 - Download File 
2023-09-14 09:12:55,623 [INFO] LoadUrlFilesThread:185 - End of LoadServerUrlFiles without Thread
2023-09-14 09:12:55,623 [INFO] TargetSelectorAdapter:259 - Refresh data is successful
2023-09-14 09:12:55,736 [INFO] ApiDb:581 - Connected to CubeFinder SQLite database (C:\Users\roozb\.stmcufinder\plugins\mcufinder\mcu\cube-finder-db.db)
2023-09-14 09:12:55,779 [INFO] ApiDb:668 - CubeFinder database Data Model version=2.1
2023-09-14 09:12:55,780 [INFO] ApiDb:669 - CubeFinder database Configuration version=3.0.37
2023-09-14 09:12:55,780 [INFO] ApiDb:670 - CubeFinder database generation date=2023-08-31 (1693470701)
2023-09-14 09:12:55,780 [INFO] ApiDb:671 - CubeFinder database FW Pack versions=[FP-ATR-ASTRA1_V2.0.0, FP-SNS-FLIGHT1_V5.0.1, FP-SNS-FLIGHT1_V5.0.2, FP-SNS-MOTENV1_V4.3.1, FP-SNS-MOTENV1_V4.3.2, STM32Cube_FW_C0_V1.1.0, STM32Cube_FW_F4_V1.27.1, STM32Cube_FW_F7_V1.17.0, STM32Cube_FW_G0_V1.6.1, STM32Cube_FW_G4_V1.5.1, STM32Cube_FW_H5_V0.5.1, STM32Cube_FW_H5_V1.1.1, STM32Cube_FW_H7_V1.11.0, STM32Cube_FW_L0_V1.12.2, STM32Cube_FW_L5_V1.5.0, STM32Cube_FW_U5_V1.3.0, STM32Cube_FW_U5_V1.3.0RC4, STM32Cube_FW_WBA_V1.0.0RC1, STM32Cube_FW_WBA_V1.1.0, STM32Cube_FW_WBA_V1.1.0RC1, STM32Cube_FW_WB_V1.15.0RC1, STM32Cube_FW_WB_V1.16.0, STM32Cube_FW_WB_V1.16.0RC2, STM32Cube_FW_WB_V1.17.0, STM32Cube_FW_WB_V1.17.2, STM32Cube_FW_WL_V1.3.0, X-CUBE-ALGOBUILD_V1.3.0, X-CUBE-ALS_V1.0.1, X-CUBE-AZRTOS-F4_V1.1.0, X-CUBE-AZRTOS-F7_V1.1.0, X-CUBE-AZRTOS-G0_V1.1.0, X-CUBE-AZRTOS-G4_V2.0.0, X-CUBE-AZRTOS-H7_V3.1.0, X-CUBE-AZRTOS-L4_V1.0.0, X-CUBE-AZRTOS-L4_V2.0.0, X-CUBE-AZRTOS-L5_V1.1.0, X-CUBE-AZRTOS-WB_V2.0.0, X-CUBE-AZRTOS-WL_V2.0.0, X-CUBE-BLE1_V7.0.0, X-CUBE-BLE2_V3.3.0, X-CUBE-BLEMGR_V2.0.0, X-CUBE-EEPRMA1_V4.1.0, X-CUBE-FREERTOS_V1.1.0, X-CUBE-GNSS1_V6.0.0, X-CUBE-MEMS1_V9.1.0, X-CUBE-MEMS1_V9.4.0, X-CUBE-MEMS1_V9.6.0, X-CUBE-NFC4_V3.0.0, X-CUBE-NFC7_V1.0.0, X-CUBE-SFXS2LP1_V4.0.0, X-CUBE-SUBG2_V5.0.0, X-CUBE-TOF1_V3.3.1]
2023-09-14 09:12:56,939 [WARN] PackLoader:240 - Cannot read IP mode file for STMicroelectronics.X-CUBE-SMBUS.2.1.0
2023-09-14 09:12:56,979 [WARN] PackLoader:240 - Cannot read IP mode file for STMicroelectronics.X-CUBE-AZRTOS-F7.1.1.0
2023-09-14 09:12:56,993 [WARN] PackLoader:240 - Cannot read IP mode file for STMicroelectronics.FP-SNS-MOTENV1.4.3.2
2023-09-14 09:12:57,001 [WARN] PackLoader:240 - Cannot read IP mode file for STMicroelectronics.FP-SNS-FLIGHT1.5.0.2
2023-09-14 09:12:57,010 [WARN] PackLoader:240 - Cannot read IP mode file for STMicroelectronics.X-CUBE-DISPLAY.3.0.0
2023-09-14 09:12:57,029 [WARN] PackLoader:240 - Cannot read IP mode file for STMicroelectronics.X-CUBE-BLE1.7.0.0
2023-09-14 09:12:57,036 [WARN] PackLoader:240 - Cannot read IP mode file for emotas.I-CUBE-CANOPEN.1.3.0
2023-09-14 09:12:57,046 [WARN] PackLoader:240 - Cannot read IP mode file for STMicroelectronics.X-CUBE-TOUCHGFX.4.22.0
2023-09-14 09:12:57,050 [WARN] PackLoader:240 - Cannot read IP mode file for STMicroelectronics.FP-SNS-SMARTAG2.1.2.0
2023-09-14 09:12:57,063 [INFO] LogOutputStream:77 - [STDOUT_REDIRECT] 1 : Invalid condition id : UX_CORESTACK_Condition cause : null
2023-09-14 09:12:57,065 [INFO] LogOutputStream:77 - [STDOUT_REDIRECT] 1 : Invalid condition id : UX_CORESTACK_Condition cause : null
2023-09-14 09:12:57,066 [INFO] LogOutputStream:77 - [STDOUT_REDIRECT] 1 : Invalid condition id : UX_CORESTACK_Condition cause : null
2023-09-14 09:12:57,067 [INFO] LogOutputStream:77 - [STDOUT_REDIRECT] 1 : Invalid condition id : UX_CORESTACK_Condition cause : null
2023-09-14 09:12:57,068 [INFO] LogOutputStream:77 - [STDOUT_REDIRECT] 1 : Invalid condition id : UX_CORESTACK_Condition cause : null
2023-09-14 09:12:57,072 [WARN] PackLoader:240 - Cannot read IP mode file for STMicroelectronics.X-CUBE-AZRTOS-WL.2.0.0
2023-09-14 09:12:57,083 [WARN] PackLoader:240 - Cannot read IP mode file for WES.I-CUBE-Cesium.1.3.0
2023-09-14 09:12:57,089 [WARN] PackLoader:240 - Cannot read IP mode file for STMicroelectronics.X-CUBE-BLE2.3.3.0
2023-09-14 09:12:57,098 [WARN] PackLoader:240 - Cannot read IP mode file for STMicroelectronics.X-CUBE-ALGOBUILD.1.3.0
2023-09-14 09:12:57,122 [WARN] PackLoader:240 - Cannot read IP mode file for STMicroelectronics.X-CUBE-AZRTOS-G0.1.1.0
2023-09-14 09:12:57,130 [WARN] PackLoader:240 - Cannot read IP mode file for STMicroelectronics.X-CUBE-NFC4.3.0.0
2023-09-14 09:12:57,135 [WARN] PackLoader:240 - Cannot read IP mode file for STMicroelectronics.FP-ATR-SIGFOX1.3.2.0
2023-09-14 09:12:57,177 [WARN] PackLoader:240 - Cannot read IP mode file for SEGGER.I-CUBE-embOS.1.3.1
2023-09-14 09:12:57,228 [WARN] PackLoader:240 - Cannot read IP mode file for STMicroelectronics.X-CUBE-GNSS1.6.0.0
2023-09-14 09:12:57,248 [WARN] PackLoader:240 - Cannot read IP mode file for STMicroelectronics.X-CUBE-AZRTOS-F4.1.1.0
2023-09-14 09:12:57,256 [WARN] PackLoader:240 - Cannot read IP mode file for wolfSSL.I-CUBE-wolfSSL.5.6.3
2023-09-14 09:12:57,278 [WARN] PackLoader:240 - Cannot read IP mode file for STMicroelectronics.X-CUBE-AZRTOS-L5.2.0.0
2023-09-14 09:12:57,320 [WARN] PackLoader:240 - Cannot read IP mode file for STMicroelectronics.X-CUBE-MEMS1.9.6.0
2023-09-14 09:12:57,454 [INFO] ApiDb:240 - Found 323 in-development CPN: [B-G473E-ZEST1S, B-WB1M-WPAN1, B-WL5M-SUBG1, NUCLEO-C031C6, NUCLEO-H503RB, NUCLEO-H563ZI, NUCLEO-U545RE-Q, NUCLEO-U5A5ZJ-Q, NUCLEO-WBA52CG, STEVAL-PROTEUS1, STEVAL-SMARTAG2, STEVAL-STWINBX1, STM320518-EVAL, STM32C0116-DK, STM32C011D6Y3TR, STM32C011D6Y6TR, STM32C011F4P3, STM32C011F4P6, STM32C011F4U3, STM32C011F4U6TR, STM32C011F6P3, STM32C011F6P6, STM32C011F6U3, STM32C011F6U6TR, STM32C011J4M3, STM32C011J4M6, STM32C011J6M3, STM32C011J6M6, STM32C0316-DK, STM32C031C4T3, STM32C031C4T6, STM32C031C4U3, STM32C031C4U6, STM32C031C6T3, STM32C031C6T6, STM32C031C6U3, STM32C031C6U6, STM32C031F4P3, STM32C031F4P6, STM32C031F6P3, STM32C031F6P6, STM32C031G4U3, STM32C031G4U6, STM32C031G6U3, STM32C031G6U6, STM32C031K4T3, STM32C031K4T6, STM32C031K4U3, STM32C031K4U6, STM32C031K6T3, STM32C031K6T6, STM32C031K6U3, STM32C031K6U6, STM32G071K8TXN, STM32G071K8UXN, STM32G081GBU6N, STM32G081KBT6N, STM32G081KBUXN, STM32G0B1CCT6N, STM32G0B1KCT6, STM32G0B1NEY6TR, STM32G0B1RCT6N, STM32G0C1CCT6, STM32G0C1CCT6N, STM32G0C1CCU6N, STM32G0C1CET6N, STM32G0C1CEU6N, STM32G0C1KCT6, STM32G0C1NEY6TR, STM32G0C1RCI6N, STM32G0C1RCT6N, STM32G0C1REI6N, STM32G0C1RET6N, STM32G0C1VCI6, STM32G0C1VEI6, STM32G471CCT6, STM32G471CCU6, STM32G471CET3, STM32G471CET6, STM32G471CEU3, STM32G471CEU6, STM32G471MCT6, STM32G471MET3, STM32G471MET6, STM32G471MEY6TR, STM32G471QCT6, STM32G471QET3, STM32G471RCT6, STM32G471RET3, STM32G471RET6, STM32G471VCH6, STM32G471VCI6, STM32G471VCT6, STM32G471VEH3, STM32G471VEH6, STM32G471VEI3, STM32G471VEI6, STM32G471VET3, STM32G471VET6, STM32G474CCT6, STM32H503CBT6, STM32H503CBU6, STM32H503EBY6TR, STM32H503KBU6, STM32H503RBT6, STM32H562AGI6, STM32H562AII6, STM32H562IGK6, STM32H562IGT6, STM32H562IIK6, STM32H562IIT6, STM32H562RGT6, STM32H562RGV6, STM32H562RIT6, STM32H562RIV6, STM32H562VGT6, STM32H562VIT6, STM32H562ZGT6, STM32H562ZIT6, STM32H563AGI6, STM32H563AII3Q, STM32H563AII6, STM32H563IGK6, STM32H563IGT6, STM32H563IIK3Q, STM32H563IIK6, STM32H563IIT3Q, STM32H563IIT6, STM32H563MIY3QTR, STM32H563RGT6, STM32H563RGV6, STM32H563RIT6, STM32H563RIV6, STM32H563VGT6, STM32H563VIT3Q, STM32H563VIT6, STM32H563ZGT6, STM32H563ZIT3Q, STM32H563ZIT6, STM32H573AII3Q, STM32H573AII6, STM32H573I-DK, STM32H573IIK3Q, STM32H573IIK6, STM32H573IIT3Q, STM32H573IIT6, STM32H573MIY3QTR, STM32H573RIT6, STM32H573RIV6, STM32H573VIT3Q, STM32H573VIT6, STM32H573ZIT3Q, STM32H573ZIT6, STM32L4R5QGI6STR, STM32MP131AAE3, STM32MP131AAF3, STM32MP131AAG3, STM32MP131CAE3, STM32MP131CAF3, STM32MP131CAG3, STM32MP131DAE7, STM32MP131DAF7, STM32MP131DAG7, STM32MP131FAE7, STM32MP131FAF7, STM32MP131FAG7, STM32MP133AAE3, STM32MP133AAF3, STM32MP133AAG3, STM32MP133CAE3, STM32MP133CAF3, STM32MP133CAG3, STM32MP133DAE7, STM32MP133DAF7, STM32MP133DAG7, STM32MP133FAE7, STM32MP133FAF7, STM32MP133FAG7, STM32MP135AAE3, STM32MP135AAF3, STM32MP135AAG3, STM32MP135CAE3, STM32MP135CAF3, STM32MP135CAG3, STM32MP135DAE7, STM32MP135DAF7, STM32MP135DAG7, STM32MP135F-DK, STM32MP135FAE7, STM32MP135FAF7, STM32MP135FAF7T, STM32MP135FAF7U, STM32MP135FAG7, STM32U535CBT6, STM32U535CBT6Q, STM32U535CBU6, STM32U535CBU6Q, STM32U535CCT6, STM32U535CCT6Q, STM32U535CCU6, STM32U535CCU6Q, STM32U535CET6, STM32U535CET6Q, STM32U535CEU6, STM32U535CEU6Q, STM32U535JEY6QTR, STM32U535NCY6QTR, STM32U535NEY6QTR, STM32U535RBI6, STM32U535RBI6Q, STM32U535RBT6, STM32U535RBT6Q, STM32U535RCI6, STM32U535RCI6Q, STM32U535RCT6, STM32U535RCT6Q, STM32U535REI6, STM32U535REI6Q, STM32U535RET6, STM32U535RET6Q, STM32U535VCI6, STM32U535VCI6Q, STM32U535VCT6, STM32U535VCT6Q, STM32U535VEI6, STM32U535VEI6Q, STM32U535VET6, STM32U535VET6Q, STM32U545CET6, STM32U545CET6Q, STM32U545CEU6, STM32U545CEU6Q, STM32U545JEY6QTR, STM32U545NEY6QTR, STM32U545REI6, STM32U545REI6Q, STM32U545RET6, STM32U545RET6Q, STM32U545VEI6, STM32U545VEI6Q, STM32U545VET6, STM32U545VET6Q, STM32U595AIH6, STM32U595AIH6Q, STM32U595AJH6, STM32U595AJH6Q, STM32U595QII6, STM32U595QII6Q, STM32U595QJI6, STM32U595QJI6Q, STM32U595RIT6, STM32U595RIT6Q, STM32U595RJT6, STM32U595RJT6Q, STM32U595VIT6, STM32U595VIT6Q, STM32U595VJT6, STM32U595VJT6Q, STM32U595ZIT6, STM32U595ZIT6Q, STM32U595ZIY6QTR, STM32U595ZJT6, STM32U595ZJT6Q, STM32U595ZJY6QTR, STM32U599BJY6QTR, STM32U599NIH6Q, STM32U599NJH6Q, STM32U599VIT6Q, STM32U599VJT6, STM32U599VJT6Q, STM32U599ZIT6Q, STM32U599ZIY6QTR, STM32U599ZJT6Q, STM32U599ZJY6QTR, STM32U5A5AJH6, STM32U5A5AJH6Q, STM32U5A5QJI6, STM32U5A5QJI6Q, STM32U5A5RJT6, STM32U5A5RJT6Q, STM32U5A5VJT6, STM32U5A5VJT6Q, STM32U5A5ZJT6, STM32U5A5ZJT6Q, STM32U5A5ZJY6QTR, STM32U5A9BJY6QTR, STM32U5A9J-DK, STM32U5A9NJH6Q, STM32U5A9VJT6Q, STM32U5A9ZJT6Q, STM32U5A9ZJY6QTR, STM32U5F7VIT6, STM32U5F7VIT6Q, STM32U5F7VJT6, STM32U5F7VJT6Q, STM32U5F9BJY6QTR, STM32U5F9NJH6Q, STM32U5F9VIT6Q, STM32U5F9VJT6Q, STM32U5F9ZIJ6QTR, STM32U5F9ZIT6Q, STM32U5F9ZJJ6QTR, STM32U5F9ZJT6Q, STM32U5G7VJT6, STM32U5G7VJT6Q, STM32U5G9BJY6QTR, STM32U5G9J-DK1, STM32U5G9J-DK2, STM32U5G9NJH6Q, STM32U5G9VJT6Q, STM32U5G9ZJJ6QTR, STM32U5G9ZJT6Q, STM32WB1MMCH6, STM32WBA52CEU6, STM32WBA52CEU6T, STM32WBA52CGU6, STM32WBA52CGU6T, STM32WBA52KEU6, STM32WBA52KEU6T, STM32WBA52KGU6, STM32WBA52KGU6T, STM32WL5MOCH6, STM32WL5MOCH6TR]
2023-09-14 09:12:57,456 [WARN] PackLoader:240 - Cannot read IP mode file for STMicroelectronics.X-CUBE-BLEMGR.2.0.0
2023-09-14 09:12:57,461 [INFO] DbMcus:217 - Found 3848 MCUs, 3848 are supported
2023-09-14 09:12:57,462 [INFO] ApiDb:414 - User favorites file not found: C:\Users\roozb/.stm32cubeide/favorites.mcus.txt
2023-09-14 09:12:57,462 [INFO] DbMcus:223 - Set 0 / 0 favorites MCUs
2023-09-14 09:12:57,472 [WARN] ConditionMgr:438 - getConditionDescription Invalid condition id : UX DEVICE CLASS RTOS Condition cause : null
2023-09-14 09:12:57,472 [WARN] ConditionMgr:438 - getConditionDescription Invalid condition id : UX DEVICE CLASS RTOS Condition cause : null
2023-09-14 09:12:57,475 [WARN] PackLoader:240 - Cannot read IP mode file for STMicroelectronics.X-CUBE-AZRTOS-H7.3.1.0
2023-09-14 09:12:57,477 [WARN] ConditionMgr:1039 - genDependencies : Invalid condition id : UX DEVICE CLASS RTOS Condition cause : null
2023-09-14 09:12:57,477 [WARN] ConditionMgr:1039 - genDependencies : Invalid condition id : UX DEVICE CLASS RTOS Condition cause : null
2023-09-14 09:12:57,478 [WARN] ConditionMgr:1039 - genDependencies : Invalid condition id : UX DEVICE CLASS RTOS Condition cause : null
2023-09-14 09:12:57,478 [WARN] ConditionMgr:1039 - genDependencies : Invalid condition id : UX DEVICE CLASS RTOS Condition cause : null
2023-09-14 09:12:57,478 [WARN] ConditionMgr:1039 - genDependencies : Invalid condition id : UX DEVICE CLASS RTOS Condition cause : null
2023-09-14 09:12:57,484 [WARN] PackLoader:240 - Cannot read IP mode file for STMicroelectronics.X-CUBE-NFC7.1.0.1
2023-09-14 09:12:57,494 [WARN] PackLoader:240 - Cannot read IP mode file for STMicroelectronics.X-CUBE-NFC6.3.0.0
2023-09-14 09:12:57,501 [WARN] PackLoader:240 - Cannot read IP mode file for STMicroelectronics.X-CUBE-EEPRMA1.4.1.0
2023-09-14 09:12:57,506 [WARN] PackLoader:240 - Cannot read IP mode file for STMicroelectronics.X-CUBE-AI.8.1.0
2023-09-14 09:12:57,524 [WARN] ConditionMgr:438 - getConditionDescription Invalid condition id : LAN8742 Phy interface Condition cause : null
2023-09-14 09:12:57,525 [WARN] PackLoader:240 - Cannot read IP mode file for STMicroelectronics.X-CUBE-AZRTOS-L4.2.0.0
2023-09-14 09:12:57,526 [WARN] ConditionMgr:1039 - genDependencies : Invalid condition id : LAN8742 Phy interface Condition cause : null
2023-09-14 09:12:57,526 [WARN] ConditionMgr:1039 - genDependencies : Invalid condition id : LAN8742 Phy interface Condition cause : null
2023-09-14 09:12:57,527 [WARN] ConditionMgr:1039 - genDependencies : Invalid condition id : LAN8742 Phy interface Condition cause : null
2023-09-14 09:12:57,534 [WARN] PackLoader:240 - Cannot read IP mode file for STMicroelectronics.X-CUBE-SFXS2LP1.4.0.0
2023-09-14 09:12:57,541 [WARN] PackLoader:240 - Cannot read IP mode file for STMicroelectronics.X-CUBE-ISPU.1.1.0
2023-09-14 09:12:57,554 [WARN] ConditionMgr:438 - getConditionDescription Invalid condition id : UX DEVICE CLASS RTOS Condition cause : null
2023-09-14 09:12:57,555 [WARN] ConditionMgr:438 - getConditionDescription Invalid condition id : UX DEVICE CLASS RTOS Condition cause : null
2023-09-14 09:12:57,557 [WARN] PackLoader:240 - Cannot read IP mode file for STMicroelectronics.X-CUBE-AZRTOS-WB.2.0.0
2023-09-14 09:12:57,558 [WARN] ConditionMgr:1039 - genDependencies : Invalid condition id : UX DEVICE CLASS RTOS Condition cause : null
2023-09-14 09:12:57,558 [WARN] ConditionMgr:1039 - genDependencies : Invalid condition id : UX DEVICE CLASS RTOS Condition cause : null
2023-09-14 09:12:57,558 [WARN] ConditionMgr:1039 - genDependencies : Invalid condition id : UX DEVICE CLASS RTOS Condition cause : null
2023-09-14 09:12:57,558 [WARN] ConditionMgr:1039 - genDependencies : Invalid condition id : UX DEVICE CLASS RTOS Condition cause : null
2023-09-14 09:12:57,558 [WARN] ConditionMgr:1039 - genDependencies : Invalid condition id : UX DEVICE CLASS RTOS Condition cause : null
2023-09-14 09:12:57,568 [WARN] PackLoader:240 - Cannot read IP mode file for STMicroelectronics.X-CUBE-SUBG2.5.0.0
2023-09-14 09:12:57,587 [WARN] PackLoader:240 - Cannot read IP mode file for STMicroelectronics.X-CUBE-TOF1.3.3.1
2023-09-14 09:12:57,611 [WARN] PackLoader:240 - Cannot read IP mode file for STMicroelectronics.X-CUBE-AZRTOS-G4.2.0.0
2023-09-14 09:12:57,618 [WARN] PackLoader:240 - Cannot read IP mode file for STMicroelectronics.X-CUBE-FREERTOS.1.1.0
2023-09-14 09:12:57,623 [WARN] PackLoader:240 - Cannot read IP mode file for portGmbH.I-Cube-SoM-uGOAL.1.1.0
2023-09-14 09:12:57,627 [WARN] PackLoader:240 - Cannot read IP mode file for STMicroelectronics.X-CUBE-ALS.1.0.1
2023-09-14 09:12:57,630 [WARN] PackLoader:240 - Cannot read IP mode file for STMicroelectronics.FP-ATR-ASTRA1.2.0.0
2023-09-14 09:12:57,631 [INFO] ThirdParty:978 - Integrity check success = true
2023-09-14 09:12:57,631 [INFO] IntegrityCheckThread:100 - exiting critical section [integrity check]
2023-09-14 09:12:57,631 [INFO] IntegrityCheckThread:103 - End integrity checks thread
2023-09-14 09:12:57,745 [INFO] ApiDb:668 - CubeFinder database Data Model version=2.1
2023-09-14 09:12:57,745 [INFO] ApiDb:669 - CubeFinder database Configuration version=3.0.37
2023-09-14 09:12:57,746 [INFO] ApiDb:670 - CubeFinder database generation date=2023-08-31 (1693470701)
2023-09-14 09:12:57,746 [INFO] ApiDb:671 - CubeFinder database FW Pack versions=[FP-ATR-ASTRA1_V2.0.0, FP-SNS-FLIGHT1_V5.0.1, FP-SNS-FLIGHT1_V5.0.2, FP-SNS-MOTENV1_V4.3.1, FP-SNS-MOTENV1_V4.3.2, STM32Cube_FW_C0_V1.1.0, STM32Cube_FW_F4_V1.27.1, STM32Cube_FW_F7_V1.17.0, STM32Cube_FW_G0_V1.6.1, STM32Cube_FW_G4_V1.5.1, STM32Cube_FW_H5_V0.5.1, STM32Cube_FW_H5_V1.1.1, STM32Cube_FW_H7_V1.11.0, STM32Cube_FW_L0_V1.12.2, STM32Cube_FW_L5_V1.5.0, STM32Cube_FW_U5_V1.3.0, STM32Cube_FW_U5_V1.3.0RC4, STM32Cube_FW_WBA_V1.0.0RC1, STM32Cube_FW_WBA_V1.1.0, STM32Cube_FW_WBA_V1.1.0RC1, STM32Cube_FW_WB_V1.15.0RC1, STM32Cube_FW_WB_V1.16.0, STM32Cube_FW_WB_V1.16.0RC2, STM32Cube_FW_WB_V1.17.0, STM32Cube_FW_WB_V1.17.2, STM32Cube_FW_WL_V1.3.0, X-CUBE-ALGOBUILD_V1.3.0, X-CUBE-ALS_V1.0.1, X-CUBE-AZRTOS-F4_V1.1.0, X-CUBE-AZRTOS-F7_V1.1.0, X-CUBE-AZRTOS-G0_V1.1.0, X-CUBE-AZRTOS-G4_V2.0.0, X-CUBE-AZRTOS-H7_V3.1.0, X-CUBE-AZRTOS-L4_V1.0.0, X-CUBE-AZRTOS-L4_V2.0.0, X-CUBE-AZRTOS-L5_V1.1.0, X-CUBE-AZRTOS-WB_V2.0.0, X-CUBE-AZRTOS-WL_V2.0.0, X-CUBE-BLE1_V7.0.0, X-CUBE-BLE2_V3.3.0, X-CUBE-BLEMGR_V2.0.0, X-CUBE-EEPRMA1_V4.1.0, X-CUBE-FREERTOS_V1.1.0, X-CUBE-GNSS1_V6.0.0, X-CUBE-MEMS1_V9.1.0, X-CUBE-MEMS1_V9.4.0, X-CUBE-MEMS1_V9.6.0, X-CUBE-NFC4_V3.0.0, X-CUBE-NFC7_V1.0.0, X-CUBE-SFXS2LP1_V4.0.0, X-CUBE-SUBG2_V5.0.0, X-CUBE-TOF1_V3.3.1]
2023-09-14 09:12:57,786 [INFO] DbBoardsSqlite:226 - include board P-NUCLEO-WB55-NUCLEO as a kit item of type 'Nucleo-64'
2023-09-14 09:12:57,786 [INFO] DbBoardsSqlite:226 - include board P-NUCLEO-WB55-USBDONGLE as a kit item of type 'Nucleo USB Dongle'
2023-09-14 09:12:57,786 [INFO] DbBoardsSqlite:226 - include board STEVAL-IDP005V1 as a kit item of type 'Evaluation Board'
2023-09-14 09:12:57,787 [INFO] DbBoardsSqlite:226 - include board STEVAL-IDP005V2 as a kit item of type 'Evaluation Board'
2023-09-14 09:12:57,818 [INFO] ApiDb:240 - Found 323 in-development CPN: [B-G473E-ZEST1S, B-WB1M-WPAN1, B-WL5M-SUBG1, NUCLEO-C031C6, NUCLEO-H503RB, NUCLEO-H563ZI, NUCLEO-U545RE-Q, NUCLEO-U5A5ZJ-Q, NUCLEO-WBA52CG, STEVAL-PROTEUS1, STEVAL-SMARTAG2, STEVAL-STWINBX1, STM320518-EVAL, STM32C0116-DK, STM32C011D6Y3TR, STM32C011D6Y6TR, STM32C011F4P3, STM32C011F4P6, STM32C011F4U3, STM32C011F4U6TR, STM32C011F6P3, STM32C011F6P6, STM32C011F6U3, STM32C011F6U6TR, STM32C011J4M3, STM32C011J4M6, STM32C011J6M3, STM32C011J6M6, STM32C0316-DK, STM32C031C4T3, STM32C031C4T6, STM32C031C4U3, STM32C031C4U6, STM32C031C6T3, STM32C031C6T6, STM32C031C6U3, STM32C031C6U6, STM32C031F4P3, STM32C031F4P6, STM32C031F6P3, STM32C031F6P6, STM32C031G4U3, STM32C031G4U6, STM32C031G6U3, STM32C031G6U6, STM32C031K4T3, STM32C031K4T6, STM32C031K4U3, STM32C031K4U6, STM32C031K6T3, STM32C031K6T6, STM32C031K6U3, STM32C031K6U6, STM32G071K8TXN, STM32G071K8UXN, STM32G081GBU6N, STM32G081KBT6N, STM32G081KBUXN, STM32G0B1CCT6N, STM32G0B1KCT6, STM32G0B1NEY6TR, STM32G0B1RCT6N, STM32G0C1CCT6, STM32G0C1CCT6N, STM32G0C1CCU6N, STM32G0C1CET6N, STM32G0C1CEU6N, STM32G0C1KCT6, STM32G0C1NEY6TR, STM32G0C1RCI6N, STM32G0C1RCT6N, STM32G0C1REI6N, STM32G0C1RET6N, STM32G0C1VCI6, STM32G0C1VEI6, STM32G471CCT6, STM32G471CCU6, STM32G471CET3, STM32G471CET6, STM32G471CEU3, STM32G471CEU6, STM32G471MCT6, STM32G471MET3, STM32G471MET6, STM32G471MEY6TR, STM32G471QCT6, STM32G471QET3, STM32G471RCT6, STM32G471RET3, STM32G471RET6, STM32G471VCH6, STM32G471VCI6, STM32G471VCT6, STM32G471VEH3, STM32G471VEH6, STM32G471VEI3, STM32G471VEI6, STM32G471VET3, STM32G471VET6, STM32G474CCT6, STM32H503CBT6, STM32H503CBU6, STM32H503EBY6TR, STM32H503KBU6, STM32H503RBT6, STM32H562AGI6, STM32H562AII6, STM32H562IGK6, STM32H562IGT6, STM32H562IIK6, STM32H562IIT6, STM32H562RGT6, STM32H562RGV6, STM32H562RIT6, STM32H562RIV6, STM32H562VGT6, STM32H562VIT6, STM32H562ZGT6, STM32H562ZIT6, STM32H563AGI6, STM32H563AII3Q, STM32H563AII6, STM32H563IGK6, STM32H563IGT6, STM32H563IIK3Q, STM32H563IIK6, STM32H563IIT3Q, STM32H563IIT6, STM32H563MIY3QTR, STM32H563RGT6, STM32H563RGV6, STM32H563RIT6, STM32H563RIV6, STM32H563VGT6, STM32H563VIT3Q, STM32H563VIT6, STM32H563ZGT6, STM32H563ZIT3Q, STM32H563ZIT6, STM32H573AII3Q, STM32H573AII6, STM32H573I-DK, STM32H573IIK3Q, STM32H573IIK6, STM32H573IIT3Q, STM32H573IIT6, STM32H573MIY3QTR, STM32H573RIT6, STM32H573RIV6, STM32H573VIT3Q, STM32H573VIT6, STM32H573ZIT3Q, STM32H573ZIT6, STM32L4R5QGI6STR, STM32MP131AAE3, STM32MP131AAF3, STM32MP131AAG3, STM32MP131CAE3, STM32MP131CAF3, STM32MP131CAG3, STM32MP131DAE7, STM32MP131DAF7, STM32MP131DAG7, STM32MP131FAE7, STM32MP131FAF7, STM32MP131FAG7, STM32MP133AAE3, STM32MP133AAF3, STM32MP133AAG3, STM32MP133CAE3, STM32MP133CAF3, STM32MP133CAG3, STM32MP133DAE7, STM32MP133DAF7, STM32MP133DAG7, STM32MP133FAE7, STM32MP133FAF7, STM32MP133FAG7, STM32MP135AAE3, STM32MP135AAF3, STM32MP135AAG3, STM32MP135CAE3, STM32MP135CAF3, STM32MP135CAG3, STM32MP135DAE7, STM32MP135DAF7, STM32MP135DAG7, STM32MP135F-DK, STM32MP135FAE7, STM32MP135FAF7, STM32MP135FAF7T, STM32MP135FAF7U, STM32MP135FAG7, STM32U535CBT6, STM32U535CBT6Q, STM32U535CBU6, STM32U535CBU6Q, STM32U535CCT6, STM32U535CCT6Q, STM32U535CCU6, STM32U535CCU6Q, STM32U535CET6, STM32U535CET6Q, STM32U535CEU6, STM32U535CEU6Q, STM32U535JEY6QTR, STM32U535NCY6QTR, STM32U535NEY6QTR, STM32U535RBI6, STM32U535RBI6Q, STM32U535RBT6, STM32U535RBT6Q, STM32U535RCI6, STM32U535RCI6Q, STM32U535RCT6, STM32U535RCT6Q, STM32U535REI6, STM32U535REI6Q, STM32U535RET6, STM32U535RET6Q, STM32U535VCI6, STM32U535VCI6Q, STM32U535VCT6, STM32U535VCT6Q, STM32U535VEI6, STM32U535VEI6Q, STM32U535VET6, STM32U535VET6Q, STM32U545CET6, STM32U545CET6Q, STM32U545CEU6, STM32U545CEU6Q, STM32U545JEY6QTR, STM32U545NEY6QTR, STM32U545REI6, STM32U545REI6Q, STM32U545RET6, STM32U545RET6Q, STM32U545VEI6, STM32U545VEI6Q, STM32U545VET6, STM32U545VET6Q, STM32U595AIH6, STM32U595AIH6Q, STM32U595AJH6, STM32U595AJH6Q, STM32U595QII6, STM32U595QII6Q, STM32U595QJI6, STM32U595QJI6Q, STM32U595RIT6, STM32U595RIT6Q, STM32U595RJT6, STM32U595RJT6Q, STM32U595VIT6, STM32U595VIT6Q, STM32U595VJT6, STM32U595VJT6Q, STM32U595ZIT6, STM32U595ZIT6Q, STM32U595ZIY6QTR, STM32U595ZJT6, STM32U595ZJT6Q, STM32U595ZJY6QTR, STM32U599BJY6QTR, STM32U599NIH6Q, STM32U599NJH6Q, STM32U599VIT6Q, STM32U599VJT6, STM32U599VJT6Q, STM32U599ZIT6Q, STM32U599ZIY6QTR, STM32U599ZJT6Q, STM32U599ZJY6QTR, STM32U5A5AJH6, STM32U5A5AJH6Q, STM32U5A5QJI6, STM32U5A5QJI6Q, STM32U5A5RJT6, STM32U5A5RJT6Q, STM32U5A5VJT6, STM32U5A5VJT6Q, STM32U5A5ZJT6, STM32U5A5ZJT6Q, STM32U5A5ZJY6QTR, STM32U5A9BJY6QTR, STM32U5A9J-DK, STM32U5A9NJH6Q, STM32U5A9VJT6Q, STM32U5A9ZJT6Q, STM32U5A9ZJY6QTR, STM32U5F7VIT6, STM32U5F7VIT6Q, STM32U5F7VJT6, STM32U5F7VJT6Q, STM32U5F9BJY6QTR, STM32U5F9NJH6Q, STM32U5F9VIT6Q, STM32U5F9VJT6Q, STM32U5F9ZIJ6QTR, STM32U5F9ZIT6Q, STM32U5F9ZJJ6QTR, STM32U5F9ZJT6Q, STM32U5G7VJT6, STM32U5G7VJT6Q, STM32U5G9BJY6QTR, STM32U5G9J-DK1, STM32U5G9J-DK2, STM32U5G9NJH6Q, STM32U5G9VJT6Q, STM32U5G9ZJJ6QTR, STM32U5G9ZJT6Q, STM32WB1MMCH6, STM32WBA52CEU6, STM32WBA52CEU6T, STM32WBA52CGU6, STM32WBA52CGU6T, STM32WBA52KEU6, STM32WBA52KEU6T, STM32WBA52KGU6, STM32WBA52KGU6T, STM32WL5MOCH6, STM32WL5MOCH6TR]
2023-09-14 09:12:57,912 [INFO] BoardInfo:880 - No configuration file found for board P-NUCLEO-WB55
2023-09-14 09:12:57,913 [INFO] DbBoards:157 - Kit is not supported: P-NUCLEO-WB55
2023-09-14 09:12:57,918 [INFO] BoardInfo:880 - No configuration file found for board STEVAL-BFA001V1B
2023-09-14 09:12:57,918 [INFO] DbBoards:157 - Kit is not supported: STEVAL-BFA001V1B
2023-09-14 09:12:57,919 [INFO] BoardInfo:880 - No configuration file found for board STEVAL-BFA001V2B
2023-09-14 09:12:57,919 [INFO] DbBoards:157 - Kit is not supported: STEVAL-BFA001V2B
2023-09-14 09:12:57,991 [INFO] DbBoards:161 - Found 190 boards, 187 are supported
2023-09-14 09:12:57,993 [INFO] ApiDb:414 - User favorites file not found: C:\Users\roozb/.stm32cubeide/favorites.boards.txt
2023-09-14 09:12:57,993 [INFO] DbBoards:190 - Set 0 / 0 favorites Boards
2023-09-14 09:12:57,996 [INFO] ApiDb:668 - CubeFinder database Data Model version=2.1
2023-09-14 09:12:57,996 [INFO] ApiDb:669 - CubeFinder database Configuration version=3.0.37
2023-09-14 09:12:57,996 [INFO] ApiDb:670 - CubeFinder database generation date=2023-08-31 (1693470701)
2023-09-14 09:12:57,996 [INFO] ApiDb:671 - CubeFinder database FW Pack versions=[FP-ATR-ASTRA1_V2.0.0, FP-SNS-FLIGHT1_V5.0.1, FP-SNS-FLIGHT1_V5.0.2, FP-SNS-MOTENV1_V4.3.1, FP-SNS-MOTENV1_V4.3.2, STM32Cube_FW_C0_V1.1.0, STM32Cube_FW_F4_V1.27.1, STM32Cube_FW_F7_V1.17.0, STM32Cube_FW_G0_V1.6.1, STM32Cube_FW_G4_V1.5.1, STM32Cube_FW_H5_V0.5.1, STM32Cube_FW_H5_V1.1.1, STM32Cube_FW_H7_V1.11.0, STM32Cube_FW_L0_V1.12.2, STM32Cube_FW_L5_V1.5.0, STM32Cube_FW_U5_V1.3.0, STM32Cube_FW_U5_V1.3.0RC4, STM32Cube_FW_WBA_V1.0.0RC1, STM32Cube_FW_WBA_V1.1.0, STM32Cube_FW_WBA_V1.1.0RC1, STM32Cube_FW_WB_V1.15.0RC1, STM32Cube_FW_WB_V1.16.0, STM32Cube_FW_WB_V1.16.0RC2, STM32Cube_FW_WB_V1.17.0, STM32Cube_FW_WB_V1.17.2, STM32Cube_FW_WL_V1.3.0, X-CUBE-ALGOBUILD_V1.3.0, X-CUBE-ALS_V1.0.1, X-CUBE-AZRTOS-F4_V1.1.0, X-CUBE-AZRTOS-F7_V1.1.0, X-CUBE-AZRTOS-G0_V1.1.0, X-CUBE-AZRTOS-G4_V2.0.0, X-CUBE-AZRTOS-H7_V3.1.0, X-CUBE-AZRTOS-L4_V1.0.0, X-CUBE-AZRTOS-L4_V2.0.0, X-CUBE-AZRTOS-L5_V1.1.0, X-CUBE-AZRTOS-WB_V2.0.0, X-CUBE-AZRTOS-WL_V2.0.0, X-CUBE-BLE1_V7.0.0, X-CUBE-BLE2_V3.3.0, X-CUBE-BLEMGR_V2.0.0, X-CUBE-EEPRMA1_V4.1.0, X-CUBE-FREERTOS_V1.1.0, X-CUBE-GNSS1_V6.0.0, X-CUBE-MEMS1_V9.1.0, X-CUBE-MEMS1_V9.4.0, X-CUBE-MEMS1_V9.6.0, X-CUBE-NFC4_V3.0.0, X-CUBE-NFC7_V1.0.0, X-CUBE-SFXS2LP1_V4.0.0, X-CUBE-SUBG2_V5.0.0, X-CUBE-TOF1_V3.3.1]
2023-09-14 09:12:58,593 [INFO] DbExamplesSqlite:395 - Ignored 27 examples not supported by CubeIDE
2023-09-14 09:12:58,593 [INFO] DbExamplesSqlite:396 - Found 7232 examples active
2023-09-14 09:12:58,593 [INFO] DbExamplesSqlite:397 - Found 678 examples obsolete
2023-09-14 09:12:58,593 [INFO] DbExamplesSqlite:398 - Found 0 examples under development
2023-09-14 09:12:58,593 [INFO] DbExamplesSqlite:399 - Found 74 examples not building
2023-09-14 09:12:58,595 [INFO] DbExamples:125 - Found 7279 examples
2023-09-14 09:12:58,608 [INFO] DbExamples:222 - Found 92 boards with related examples
2023-09-14 09:12:58,610 [INFO] DbExamples:235 - Found 78 MCUs with related examples
2023-09-14 09:12:58,628 [INFO] ApiDb:414 - User favorites file not found: C:\Users\roozb/.stm32cubeide/favorites.examples.txt
2023-09-14 09:12:58,628 [INFO] DbExamples:250 - Set 0 / 0 favorites Examples
2023-09-14 09:12:58,911 [INFO] McuFinderGlobals:76 - Set McuFinderConnectedMode to true
2023-09-14 09:12:58,921 [INFO] MultiScanPanel:200 - Auto-refresh data requested => check proxy status ongoing
2023-09-14 09:12:58,924 [INFO] FinderPluginLoader:95 - Searching for filters in installed packs
2023-09-14 09:13:00,119 [INFO] LoadUrlFilesThread:185 - End of LoadServerUrlFiles without Thread
2023-09-14 09:13:00,127 [INFO] DetailPanel:341 - Set advertising image to C:/Users/roozb/STM32Cube/Repository/\en.prom-stm32h5-mcu-finder.jpg
2023-09-14 09:13:11,131 [ERROR] LogOutputStream:75 - [STDERR_REDIRECT] SLF4J: Failed to load class "org.slf4j.impl.StaticLoggerBinder".
2023-09-14 09:13:11,132 [ERROR] LogOutputStream:75 - [STDERR_REDIRECT] SLF4J: Defaulting to no-operation (NOP) logger implementation
2023-09-14 09:13:11,133 [ERROR] LogOutputStream:75 - [STDERR_REDIRECT] SLF4J: See http://www.slf4j.org/codes.html#StaticLoggerBinder for further details.
2023-09-14 09:14:02,626 [INFO] MetaSearchPanel:329 - Expand all filters sections
2023-09-14 09:14:07,384 [INFO] McuFinderGlobals:76 - Set McuFinderConnectedMode to true
2023-09-14 09:14:07,685 [INFO] ApiDb:448 - Save user favorites file C:\Users\roozb/.stm32cubeide/favorites.mcus.txt: 0 item(s)
2023-09-14 09:14:07,685 [INFO] ApiDb:452 - User favorites MCUs=[]
2023-09-14 09:14:11,660 [ERROR] LogOutputStream:75 - [STDERR_REDIRECT] 
